TN:
SF:D:\Documents\Studium\Informatik\_BP\schulcloud-server\src\app.hooks.js
FN:4,(anonymous_0)
FN:40,(anonymous_1)
FN:42,(anonymous_2)
FN:68,(anonymous_3)
FNF:4
FNH:4
FNDA:1364,(anonymous_0)
FNDA:2427,(anonymous_1)
FNDA:3381,(anonymous_2)
FNDA:474,(anonymous_3)
DA:2,4
DA:4,4
DA:6,1364
DA:9,6
DA:19,6
DA:20,6
DA:23,1358
DA:32,1364
DA:40,4
DA:41,2427
DA:42,897
DA:43,3381
DA:45,1399
DA:46,35
DA:48,1364
DA:49,6
DA:51,1358
DA:53,1982
DA:55,1530
DA:56,0
DA:57,1530
DA:58,0
DA:59,0
DA:60,0
DA:62,0
DA:65,2427
DA:68,4
DA:69,474
DA:70,445
DA:72,474
DA:75,4
LF:31
LH:26
BRDA:6,0,0,6
BRDA:6,0,1,1358
BRDA:6,1,0,1364
BRDA:6,1,1,0
BRDA:41,2,0,897
BRDA:41,2,1,1530
BRDA:41,3,0,2427
BRDA:41,3,1,903
BRDA:43,4,0,1399
BRDA:43,4,1,1982
BRDA:45,5,0,35
BRDA:45,5,1,1364
BRDA:48,6,0,6
BRDA:48,6,1,1358
BRDA:48,7,0,1364
BRDA:48,7,1,21
BRDA:55,8,0,0
BRDA:55,8,1,1530
BRDA:57,9,0,0
BRDA:57,9,1,1530
BRDA:59,10,0,0
BRDA:59,10,1,0
BRDA:69,11,0,445
BRDA:69,11,1,29
BRDA:69,12,0,474
BRDA:69,12,1,472
BRDA:69,12,2,472
BRF:27
BRH:22
end_of_record
TN:
SF:D:\Documents\Studium\Informatik\_BP\schulcloud-server\src\app.js
FN:51,(anonymous_0)
FN:54,(anonymous_1)
FN:55,(anonymous_2)
FNF:3
FNH:0
FNDA:0,(anonymous_0)
FNDA:0,(anonymous_1)
FNDA:0,(anonymous_2)
DA:3,4
DA:4,4
DA:5,4
DA:6,4
DA:7,4
DA:8,4
DA:9,4
DA:10,4
DA:11,4
DA:12,4
DA:13,4
DA:14,4
DA:15,4
DA:16,4
DA:17,4
DA:18,4
DA:19,4
DA:20,4
DA:21,4
DA:22,4
DA:24,4
DA:25,4
DA:28,4
DA:29,4
DA:33,0
DA:36,4
DA:37,4
DA:39,4
DA:40,4
DA:42,4
DA:44,4
DA:51,0
DA:54,0
DA:55,0
DA:69,4
DA:70,4
DA:72,4
LF:37
LH:33
BRDA:29,0,0,0
BRDA:29,0,1,4
BRF:2
BRH:1
end_of_record
TN:
SF:D:\Documents\Studium\Informatik\_BP\schulcloud-server\src\swagger.js
FN:5,(anonymous_0)
FNF:1
FNH:1
FNDA:4,(anonymous_0)
DA:1,4
DA:2,4
DA:3,4
DA:5,4
DA:6,4
LF:5
LH:5
BRF:0
BRH:0
end_of_record
TN:
SF:D:\Documents\Studium\Informatik\_BP\schulcloud-server\src\hooks\index.js
FN:9,(anonymous_0)
FN:10,(anonymous_1)
FN:20,(anonymous_2)
FN:21,(anonymous_3)
FN:23,(anonymous_4)
FN:26,(anonymous_5)
FN:32,(anonymous_6)
FN:33,(anonymous_7)
FN:42,(anonymous_8)
FN:43,(anonymous_9)
FN:46,(anonymous_10)
FN:48,(anonymous_11)
FN:56,(anonymous_12)
FN:60,(anonymous_13)
FN:63,(anonymous_14)
FN:67,(anonymous_15)
FN:68,(anonymous_16)
FN:77,(anonymous_17)
FN:82,(anonymous_18)
FN:93,(anonymous_19)
FN:104,(anonymous_20)
FN:110,(anonymous_21)
FN:128,(anonymous_22)
FN:131,(anonymous_23)
FN:137,(anonymous_24)
FN:142,(anonymous_25)
FN:144,(anonymous_26)
FN:147,(anonymous_27)
FN:152,(anonymous_28)
FN:155,(anonymous_29)
FN:161,(anonymous_30)
FN:170,(anonymous_31)
FN:179,(anonymous_32)
FN:184,(anonymous_33)
FN:192,(anonymous_34)
FN:196,(anonymous_35)
FN:204,(anonymous_36)
FN:217,(anonymous_37)
FN:218,(anonymous_38)
FN:220,(anonymous_39)
FN:221,(anonymous_40)
FN:224,(anonymous_41)
FN:225,(anonymous_42)
FN:230,(anonymous_43)
FN:238,(anonymous_44)
FN:251,(anonymous_45)
FN:268,(anonymous_46)
FN:278,(anonymous_47)
FN:290,(anonymous_48)
FN:297,(anonymous_49)
FN:299,(anonymous_50)
FN:323,(anonymous_51)
FN:325,(anonymous_52)
FN:326,(anonymous_53)
FN:327,(anonymous_54)
FN:330,(anonymous_55)
FN:331,(anonymous_56)
FN:334,(anonymous_57)
FN:341,(anonymous_58)
FN:343,(anonymous_59)
FN:363,(anonymous_60)
FN:374,(anonymous_61)
FN:381,(anonymous_62)
FN:384,(anonymous_63)
FN:406,(anonymous_64)
FN:424,(anonymous_65)
FN:437,(anonymous_66)
FN:450,(anonymous_67)
FN:457,(anonymous_68)
FN:459,(anonymous_69)
FN:468,(anonymous_70)
FN:469,(anonymous_71)
FN:470,(anonymous_72)
FN:488,(anonymous_73)
FN:489,(anonymous_74)
FN:496,(anonymous_75)
FN:498,(anonymous_76)
FN:513,(anonymous_77)
FN:522,(anonymous_78)
FN:534,(anonymous_79)
FN:557,(anonymous_80)
FN:565,(anonymous_81)
FN:575,(anonymous_82)
FN:576,(anonymous_83)
FN:578,(anonymous_84)
FN:586,(anonymous_85)
FN:598,(anonymous_86)
FN:606,(anonymous_87)
FN:614,(anonymous_88)
FN:623,(anonymous_89)
FN:633,(anonymous_90)
FN:647,(anonymous_91)
FNF:92
FNH:44
FNDA:221,(anonymous_0)
FNDA:648,(anonymous_1)
FNDA:4,(anonymous_2)
FNDA:85,(anonymous_3)
FNDA:85,(anonymous_4)
FNDA:0,(anonymous_5)
FNDA:0,(anonymous_6)
FNDA:0,(anonymous_7)
FNDA:12,(anonymous_8)
FNDA:2,(anonymous_9)
FNDA:0,(anonymous_10)
FNDA:0,(anonymous_11)
FNDA:31,(anonymous_12)
FNDA:31,(anonymous_13)
FNDA:28,(anonymous_14)
FNDA:509,(anonymous_15)
FNDA:431,(anonymous_16)
FNDA:0,(anonymous_17)
FNDA:0,(anonymous_18)
FNDA:0,(anonymous_19)
FNDA:4,(anonymous_20)
FNDA:85,(anonymous_21)
FNDA:6,(anonymous_22)
FNDA:6,(anonymous_23)
FNDA:6,(anonymous_24)
FNDA:6,(anonymous_25)
FNDA:6,(anonymous_26)
FNDA:0,(anonymous_27)
FNDA:0,(anonymous_28)
FNDA:0,(anonymous_29)
FNDA:203,(anonymous_30)
FNDA:49,(anonymous_31)
FNDA:46,(anonymous_32)
FNDA:102,(anonymous_33)
FNDA:47,(anonymous_34)
FNDA:47,(anonymous_35)
FNDA:249,(anonymous_36)
FNDA:8,(anonymous_37)
FNDA:71,(anonymous_38)
FNDA:71,(anonymous_39)
FNDA:70,(anonymous_40)
FNDA:1,(anonymous_41)
FNDA:71,(anonymous_42)
FNDA:157,(anonymous_43)
FNDA:4,(anonymous_44)
FNDA:0,(anonymous_45)
FNDA:4,(anonymous_46)
FNDA:47,(anonymous_47)
FNDA:0,(anonymous_48)
FNDA:0,(anonymous_49)
FNDA:0,(anonymous_50)
FNDA:0,(anonymous_51)
FNDA:0,(anonymous_52)
FNDA:0,(anonymous_53)
FNDA:0,(anonymous_54)
FNDA:0,(anonymous_55)
FNDA:0,(anonymous_56)
FNDA:0,(anonymous_57)
FNDA:0,(anonymous_58)
FNDA:0,(anonymous_59)
FNDA:0,(anonymous_60)
FNDA:0,(anonymous_61)
FNDA:0,(anonymous_62)
FNDA:0,(anonymous_63)
FNDA:0,(anonymous_64)
FNDA:0,(anonymous_65)
FNDA:0,(anonymous_66)
FNDA:0,(anonymous_67)
FNDA:0,(anonymous_68)
FNDA:0,(anonymous_69)
FNDA:0,(anonymous_70)
FNDA:0,(anonymous_71)
FNDA:0,(anonymous_72)
FNDA:16,(anonymous_73)
FNDA:0,(anonymous_74)
FNDA:0,(anonymous_75)
FNDA:0,(anonymous_76)
FNDA:0,(anonymous_77)
FNDA:0,(anonymous_78)
FNDA:26,(anonymous_79)
FNDA:0,(anonymous_80)
FNDA:23,(anonymous_81)
FNDA:3,(anonymous_82)
FNDA:3,(anonymous_83)
FNDA:0,(anonymous_84)
FNDA:0,(anonymous_85)
FNDA:0,(anonymous_86)
FNDA:0,(anonymous_87)
FNDA:4,(anonymous_88)
FNDA:4,(anonymous_89)
FNDA:129,(anonymous_90)
FNDA:0,(anonymous_91)
DA:1,4
DA:2,4
DA:3,4
DA:4,4
DA:5,4
DA:9,4
DA:10,221
DA:12,648
DA:13,638
DA:15,10
DA:20,4
DA:21,4
DA:22,85
DA:24,85
DA:27,0
DA:32,4
DA:33,0
DA:34,0
DA:35,0
DA:38,0
DA:42,4
DA:43,12
DA:44,2
DA:45,2
DA:47,0
DA:48,0
DA:49,0
DA:51,0
DA:56,4
DA:57,31
DA:59,31
DA:61,31
DA:63,31
DA:67,4
DA:68,509
DA:70,431
DA:71,389
DA:75,42
DA:76,0
DA:78,0
DA:79,0
DA:80,0
DA:83,0
DA:87,42
DA:88,42
DA:91,0
DA:92,0
DA:94,0
DA:96,0
DA:97,0
DA:99,0
DA:104,4
DA:110,4
DA:112,85
DA:113,85
DA:116,0
DA:117,0
DA:119,0
DA:120,0
DA:122,0
DA:123,0
DA:128,4
DA:129,6
DA:130,6
DA:132,6
DA:133,6
DA:137,4
DA:138,6
DA:139,6
DA:140,6
DA:141,6
DA:143,6
DA:145,6
DA:147,6
DA:151,0
DA:153,0
DA:155,0
DA:161,4
DA:163,203
DA:165,203
DA:166,203
DA:168,203
DA:170,46
DA:171,49
DA:172,47
DA:174,2
DA:178,46
DA:180,46
DA:184,4
DA:185,102
DA:186,1
DA:188,101
DA:192,4
DA:193,47
DA:194,47
DA:195,47
DA:197,47
DA:198,47
DA:199,47
DA:204,4
DA:205,249
DA:206,249
DA:209,249
DA:210,397
DA:213,249
DA:214,249
DA:217,4
DA:218,8
DA:219,71
DA:220,71
DA:222,70
DA:224,1
DA:225,71
DA:230,4
DA:231,157
DA:232,0
DA:233,0
DA:234,0
DA:238,4
DA:240,4
DA:241,0
DA:243,0
DA:249,0
DA:251,0
DA:252,0
DA:254,0
DA:256,4
DA:257,4
DA:258,4
DA:259,4
DA:261,4
DA:262,1
DA:263,1
DA:266,4
DA:268,4
DA:269,4
DA:271,0
DA:274,0
DA:278,4
DA:279,47
DA:280,47
DA:281,23
DA:282,23
DA:283,23
DA:287,47
DA:290,4
DA:291,0
DA:292,0
DA:298,0
DA:299,0
DA:300,0
DA:301,0
DA:303,0
DA:304,0
DA:305,0
DA:306,0
DA:307,0
DA:308,0
DA:309,0
DA:312,0
DA:313,0
DA:314,0
DA:315,0
DA:319,0
DA:323,4
DA:324,0
DA:325,0
DA:326,0
DA:327,0
DA:330,0
DA:331,0
DA:334,4
DA:335,0
DA:336,0
DA:342,0
DA:343,0
DA:344,0
DA:345,0
DA:348,0
DA:349,0
DA:352,0
DA:353,0
DA:354,0
DA:362,0
DA:363,0
DA:364,0
DA:365,0
DA:370,0
DA:374,4
DA:375,0
DA:376,0
DA:382,0
DA:383,0
DA:384,0
DA:385,0
DA:386,0
DA:389,0
DA:390,0
DA:393,0
DA:394,0
DA:395,0
DA:396,0
DA:397,0
DA:398,0
DA:399,0
DA:401,0
DA:404,0
DA:405,0
DA:406,0
DA:407,0
DA:408,0
DA:410,0
DA:413,0
DA:414,0
DA:416,0
DA:417,0
DA:419,0
DA:423,0
DA:424,0
DA:425,0
DA:426,0
DA:428,0
DA:432,0
DA:433,0
DA:435,0
DA:437,0
DA:438,0
DA:439,0
DA:441,0
DA:446,0
DA:450,4
DA:451,0
DA:452,0
DA:458,0
DA:459,0
DA:460,0
DA:461,0
DA:463,0
DA:464,0
DA:466,0
DA:467,0
DA:468,0
DA:469,0
DA:470,0
DA:471,0
DA:474,0
DA:475,0
DA:476,0
DA:483,0
DA:488,4
DA:489,16
DA:490,0
DA:491,0
DA:497,0
DA:498,0
DA:499,0
DA:500,0
DA:502,0
DA:503,0
DA:504,0
DA:505,0
DA:506,0
DA:507,0
DA:509,0
DA:513,4
DA:514,0
DA:515,0
DA:516,0
DA:518,0
DA:519,0
DA:521,0
DA:523,0
DA:524,0
DA:526,0
DA:534,4
DA:535,26
DA:536,26
DA:538,26
DA:539,26
DA:540,26
DA:541,26
DA:543,26
DA:545,26
DA:546,3
DA:556,26
DA:557,0
DA:558,0
DA:564,26
DA:565,23
DA:566,23
DA:567,23
DA:568,23
DA:573,26
DA:574,3
DA:576,3
DA:577,3
DA:578,3
DA:579,0
DA:581,0
DA:582,0
DA:586,3
DA:587,0
DA:588,0
DA:590,0
DA:599,0
DA:600,0
DA:604,3
DA:607,0
DA:611,23
DA:612,19
DA:614,4
DA:615,4
DA:624,4
DA:625,4
DA:629,23
DA:633,4
DA:634,129
DA:635,73
DA:637,56
DA:638,56
DA:639,56
DA:640,56
DA:641,56
DA:642,10
DA:644,56
DA:647,4
DA:648,0
DA:649,0
DA:650,0
DA:654,0
DA:655,0
DA:656,0
DA:659,0
LF:333
LH:154
BRDA:12,0,0,638
BRDA:12,0,1,10
BRDA:34,1,0,0
BRDA:34,1,1,0
BRDA:34,2,0,0
BRDA:34,2,1,0
BRDA:45,3,0,2
BRDA:45,3,1,0
BRDA:48,4,0,0
BRDA:48,4,1,0
BRDA:59,5,0,31
BRDA:59,5,1,0
BRDA:70,6,0,389
BRDA:70,6,1,42
BRDA:75,7,0,0
BRDA:75,7,1,42
BRDA:75,8,0,42
BRDA:75,8,1,0
BRDA:78,9,0,0
BRDA:78,9,1,0
BRDA:87,10,0,42
BRDA:87,10,1,0
BRDA:92,11,0,0
BRDA:92,11,1,0
BRDA:96,12,0,0
BRDA:96,12,1,0
BRDA:96,13,0,0
BRDA:96,13,1,0
BRDA:112,14,0,85
BRDA:112,14,1,0
BRDA:116,15,0,0
BRDA:116,15,1,0
BRDA:119,16,0,0
BRDA:119,16,1,0
BRDA:119,17,0,0
BRDA:119,17,1,0
BRDA:130,18,0,6
BRDA:130,18,1,0
BRDA:133,19,0,6
BRDA:133,19,1,0
BRDA:137,20,0,0
BRDA:140,21,0,6
BRDA:140,21,1,0
BRDA:143,22,0,6
BRDA:143,22,1,0
BRDA:151,23,0,0
BRDA:151,23,1,0
BRDA:165,24,0,203
BRDA:165,24,1,150
BRDA:166,25,0,0
BRDA:166,25,1,203
BRDA:168,26,0,157
BRDA:168,26,1,46
BRDA:171,27,0,47
BRDA:171,27,1,2
BRDA:185,28,0,1
BRDA:185,28,1,101
BRDA:198,29,0,0
BRDA:198,29,1,47
BRDA:213,30,0,46
BRDA:213,30,1,203
BRDA:231,31,0,0
BRDA:231,31,1,157
BRDA:231,32,0,157
BRDA:231,32,1,0
BRDA:240,33,0,0
BRDA:240,33,1,4
BRDA:251,34,0,0
BRDA:251,34,1,0
BRDA:256,35,0,4
BRDA:256,35,1,0
BRDA:256,36,0,4
BRDA:256,36,1,3
BRDA:258,37,0,4
BRDA:258,37,1,0
BRDA:258,38,0,4
BRDA:258,38,1,0
BRDA:258,39,0,0
BRDA:258,39,1,0
BRDA:261,40,0,1
BRDA:261,40,1,3
BRDA:268,41,0,4
BRDA:268,41,1,0
BRDA:279,42,0,47
BRDA:279,42,1,0
BRDA:280,43,0,23
BRDA:280,43,1,24
BRDA:280,44,0,47
BRDA:280,44,1,45
BRDA:300,45,0,0
BRDA:300,45,1,0
BRDA:303,46,0,0
BRDA:303,46,1,0
BRDA:305,47,0,0
BRDA:305,47,1,0
BRDA:305,48,0,0
BRDA:305,48,1,0
BRDA:306,49,0,0
BRDA:306,49,1,0
BRDA:308,50,0,0
BRDA:308,50,1,0
BRDA:312,51,0,0
BRDA:312,51,1,0
BRDA:314,52,0,0
BRDA:314,52,1,0
BRDA:324,53,0,0
BRDA:324,53,1,0
BRDA:325,54,0,0
BRDA:325,54,1,0
BRDA:325,54,2,0
BRDA:327,55,0,0
BRDA:327,55,1,0
BRDA:330,56,0,0
BRDA:330,56,1,0
BRDA:344,57,0,0
BRDA:344,57,1,0
BRDA:344,58,0,0
BRDA:344,58,1,0
BRDA:348,59,0,0
BRDA:348,59,1,0
BRDA:352,60,0,0
BRDA:352,60,1,0
BRDA:353,61,0,0
BRDA:353,61,1,0
BRDA:364,62,0,0
BRDA:364,62,1,0
BRDA:385,63,0,0
BRDA:385,63,1,0
BRDA:385,64,0,0
BRDA:385,64,1,0
BRDA:389,65,0,0
BRDA:389,65,1,0
BRDA:393,66,0,0
BRDA:393,66,1,0
BRDA:395,67,0,0
BRDA:395,67,1,0
BRDA:397,68,0,0
BRDA:397,68,1,0
BRDA:397,69,0,0
BRDA:397,69,1,0
BRDA:404,70,0,0
BRDA:404,70,1,0
BRDA:404,71,0,0
BRDA:404,71,1,0
BRDA:404,72,0,0
BRDA:404,72,1,0
BRDA:407,73,0,0
BRDA:407,73,1,0
BRDA:410,74,0,0
BRDA:410,74,1,0
BRDA:411,75,0,0
BRDA:411,75,1,0
BRDA:411,76,0,0
BRDA:411,76,1,0
BRDA:413,77,0,0
BRDA:413,77,1,0
BRDA:416,78,0,0
BRDA:416,78,1,0
BRDA:423,79,0,0
BRDA:423,79,1,0
BRDA:423,80,0,0
BRDA:423,80,1,0
BRDA:423,81,0,0
BRDA:423,81,1,0
BRDA:423,82,0,0
BRDA:423,82,1,0
BRDA:425,83,0,0
BRDA:425,83,1,0
BRDA:428,84,0,0
BRDA:428,84,1,0
BRDA:429,85,0,0
BRDA:429,85,1,0
BRDA:429,86,0,0
BRDA:429,86,1,0
BRDA:432,87,0,0
BRDA:432,87,1,0
BRDA:438,88,0,0
BRDA:438,88,1,0
BRDA:460,89,0,0
BRDA:460,89,1,0
BRDA:463,90,0,0
BRDA:463,90,1,0
BRDA:466,91,0,0
BRDA:466,91,1,0
BRDA:469,92,0,0
BRDA:469,92,1,0
BRDA:469,93,0,0
BRDA:469,93,1,0
BRDA:474,94,0,0
BRDA:474,94,1,0
BRDA:475,95,0,0
BRDA:475,95,1,0
BRDA:488,96,0,0
BRDA:499,97,0,0
BRDA:499,97,1,0
BRDA:502,98,0,0
BRDA:502,98,1,0
BRDA:505,99,0,0
BRDA:505,99,1,0
BRDA:506,100,0,0
BRDA:506,100,1,0
BRDA:523,101,0,0
BRDA:523,101,1,0
BRDA:538,102,0,26
BRDA:538,102,1,23
BRDA:538,103,0,0
BRDA:538,103,1,26
BRDA:539,104,0,26
BRDA:539,104,1,3
BRDA:539,105,0,19
BRDA:539,105,1,7
BRDA:540,106,0,26
BRDA:540,106,1,26
BRDA:540,107,0,0
BRDA:540,107,1,26
BRDA:545,108,0,3
BRDA:545,108,1,23
BRDA:556,109,0,0
BRDA:556,109,1,26
BRDA:564,110,0,23
BRDA:564,110,1,3
BRDA:567,111,0,23
BRDA:567,111,1,0
BRDA:573,112,0,3
BRDA:573,112,1,23
BRDA:577,113,0,3
BRDA:577,113,1,0
BRDA:581,114,0,0
BRDA:581,114,1,0
BRDA:587,115,0,0
BRDA:587,115,1,0
BRDA:587,116,0,0
BRDA:587,116,1,0
BRDA:592,117,0,0
BRDA:592,117,1,0
BRDA:593,118,0,0
BRDA:593,118,1,0
BRDA:595,119,0,0
BRDA:595,119,1,0
BRDA:600,120,0,0
BRDA:600,120,1,0
BRDA:600,120,2,0
BRDA:600,120,3,0
BRDA:600,121,0,0
BRDA:600,121,1,0
BRDA:607,122,0,0
BRDA:607,122,1,0
BRDA:607,122,2,0
BRDA:607,122,3,0
BRDA:607,123,0,0
BRDA:607,123,1,0
BRDA:611,124,0,19
BRDA:611,124,1,4
BRDA:611,125,0,23
BRDA:611,125,1,19
BRDA:617,126,0,4
BRDA:617,126,1,0
BRDA:618,127,0,4
BRDA:618,127,1,4
BRDA:620,128,0,4
BRDA:620,128,1,0
BRDA:625,129,0,4
BRDA:625,129,1,4
BRDA:625,129,2,0
BRDA:625,129,3,0
BRDA:625,130,0,4
BRDA:625,130,1,4
BRDA:634,131,0,73
BRDA:634,131,1,56
BRDA:641,132,0,10
BRDA:641,132,1,46
BRDA:641,133,0,56
BRDA:641,133,1,46
BRDA:641,133,2,0
BRDA:649,134,0,0
BRDA:649,134,1,0
BRDA:655,135,0,0
BRDA:655,135,1,0
BRF:278
BRH:79
end_of_record
TN:
SF:D:\Documents\Studium\Informatik\_BP\schulcloud-server\src\jobs\rss-news.js
FN:14,run
FN:28,processSchool
FN:49,handleFeed
FNF:3
FNH:3
FNDA:12,run
FNDA:48,processSchool
FNDA:16,handleFeed
DA:1,12
DA:2,12
DA:3,12
DA:4,12
DA:6,12
DA:15,12
DA:17,12
DA:18,12
DA:19,12
DA:20,48
DA:21,48
DA:24,12
DA:25,12
DA:29,48
DA:31,48
DA:33,48
DA:34,16
DA:35,16
DA:36,10
DA:37,10
DA:39,6
DA:40,6
DA:44,48
DA:46,48
DA:50,16
DA:51,10
DA:52,10
DA:54,190
DA:69,190
DA:72,10
DA:75,12
LF:31
LH:31
BRDA:29,0,0,0
BRDA:29,0,1,48
BRF:2
BRH:1
end_of_record
TN:
SF:D:\Documents\Studium\Informatik\_BP\schulcloud-server\src\jobs\utils.js
FN:8,setup
FN:17,cleanup
FNF:2
FNH:2
FNDA:12,setup
FNDA:12,cleanup
DA:1,12
DA:2,12
DA:9,12
DA:11,12
DA:18,12
DA:21,12
LF:6
LH:6
BRDA:2,0,0,12
BRDA:2,0,1,0
BRDA:4,1,0,0
BRDA:4,1,1,0
BRDA:12,2,0,12
BRDA:12,2,1,12
BRF:6
BRH:3
end_of_record
TN:
SF:D:\Documents\Studium\Informatik\_BP\schulcloud-server\src\logger\index.js
FNF:0
FNH:0
DA:1,4
DA:4,4
DA:14,4
LF:3
LH:3
BRF:0
BRH:0
end_of_record
TN:
SF:D:\Documents\Studium\Informatik\_BP\schulcloud-server\src\middleware\defaultHeaders.js
FN:3,(anonymous_0)
FNF:1
FNH:1
FNDA:5,(anonymous_0)
DA:3,4
DA:4,5
DA:5,5
DA:6,5
LF:4
LH:4
BRDA:4,0,0,5
BRDA:4,0,1,1
BRDA:5,1,0,3
BRDA:5,1,1,2
BRDA:5,2,0,5
BRDA:5,2,1,5
BRF:6
BRH:6
end_of_record
TN:
SF:D:\Documents\Studium\Informatik\_BP\schulcloud-server\src\middleware\handleReponseType.js
FN:6,restFormatter
FN:8,(anonymous_1)
FN:11,(anonymous_2)
FNF:3
FNH:2
FNDA:2,restFormatter
FNDA:2,(anonymous_1)
FNDA:0,(anonymous_2)
DA:6,4
DA:7,2
DA:9,2
DA:12,0
LF:4
LH:3
BRF:0
BRH:0
end_of_record
TN:
SF:D:\Documents\Studium\Informatik\_BP\schulcloud-server\src\middleware\handleResponseHeaders.js
FN:6,(anonymous_0)
FN:8,(anonymous_1)
FNF:2
FNH:0
FNDA:0,(anonymous_0)
FNDA:0,(anonymous_1)
DA:6,4
DA:8,0
DA:9,0
DA:13,0
DA:14,0
DA:16,0
DA:18,0
LF:7
LH:1
BRDA:8,0,0,0
BRDA:8,0,1,0
BRDA:9,1,0,0
BRDA:9,1,1,0
BRDA:13,2,0,0
BRDA:13,2,1,0
BRF:6
BRH:0
end_of_record
TN:
SF:D:\Documents\Studium\Informatik\_BP\schulcloud-server\src\middleware\index.js
FN:7,(anonymous_0)
FNF:1
FNH:1
FNDA:4,(anonymous_0)
DA:3,4
DA:4,4
DA:5,4
DA:7,4
DA:11,4
DA:13,4
DA:14,4
DA:15,4
LF:8
LH:8
BRF:0
BRH:0
end_of_record
TN:
SF:D:\Documents\Studium\Informatik\_BP\schulcloud-server\src\middleware\logger.js
FN:5,(anonymous_0)
FN:9,(anonymous_1)
FNF:2
FNH:2
FNDA:4,(anonymous_0)
FNDA:2,(anonymous_1)
DA:3,4
DA:5,4
DA:7,4
DA:9,4
DA:10,2
DA:11,2
DA:13,2
DA:14,2
DA:17,0
DA:18,0
DA:22,2
LF:11
LH:9
BRDA:10,0,0,2
BRDA:10,0,1,0
BRDA:11,1,0,2
BRDA:11,1,1,0
BRDA:13,2,0,2
BRDA:13,2,1,0
BRF:6
BRH:3
end_of_record
TN:
SF:D:\Documents\Studium\Informatik\_BP\schulcloud-server\src\middleware\not-found-handler.js
FN:5,(anonymous_0)
FN:6,(anonymous_1)
FNF:2
FNH:2
FNDA:4,(anonymous_0)
FNDA:2,(anonymous_1)
DA:3,4
DA:5,4
DA:6,4
DA:7,2
LF:4
LH:4
BRF:0
BRH:0
end_of_record
TN:
SF:D:\Documents\Studium\Informatik\_BP\schulcloud-server\src\services\index.js
FN:38,(anonymous_0)
FNF:1
FNH:1
FNDA:4,(anonymous_0)
DA:1,4
DA:2,4
DA:3,4
DA:4,4
DA:5,4
DA:6,4
DA:7,4
DA:8,4
DA:9,4
DA:10,4
DA:11,4
DA:12,4
DA:13,4
DA:14,4
DA:15,4
DA:16,4
DA:17,4
DA:18,4
DA:19,4
DA:20,4
DA:21,4
DA:22,4
DA:23,4
DA:24,4
DA:25,4
DA:26,4
DA:27,4
DA:28,4
DA:29,4
DA:30,4
DA:31,4
DA:32,4
DA:33,4
DA:34,4
DA:35,4
DA:36,4
DA:38,4
DA:39,4
DA:41,4
DA:42,4
DA:44,4
DA:45,4
DA:46,4
DA:47,4
DA:48,4
DA:49,4
DA:50,4
DA:51,4
DA:52,4
DA:53,4
DA:54,4
DA:55,4
DA:56,4
DA:57,4
DA:58,4
DA:59,4
DA:60,4
DA:61,4
DA:62,4
DA:63,4
DA:64,4
DA:65,4
DA:66,4
DA:67,4
DA:68,4
DA:69,4
DA:70,4
DA:71,4
DA:72,4
DA:73,4
DA:74,4
DA:75,4
DA:76,4
DA:77,4
DA:78,4
LF:75
LH:75
BRDA:41,0,0,4
BRDA:41,0,1,4
BRF:2
BRH:2
end_of_record
TN:
SF:D:\Documents\Studium\Informatik\_BP\schulcloud-server\src\services\account\index.js
FN:13,(anonymous_0)
FN:17,(anonymous_1)
FN:19,(anonymous_2)
FN:37,base64url
FN:62,(anonymous_4)
FN:68,randomGen
FN:72,(anonymous_6)
FN:86,(anonymous_7)
FN:88,(anonymous_8)
FN:94,(anonymous_9)
FN:102,(anonymous_10)
FN:106,(anonymous_11)
FN:112,(anonymous_12)
FN:131,(anonymous_13)
FNF:14
FNH:2
FNDA:4,(anonymous_0)
FNDA:0,(anonymous_1)
FNDA:0,(anonymous_2)
FNDA:0,base64url
FNDA:0,(anonymous_4)
FNDA:0,randomGen
FNDA:0,(anonymous_6)
FNDA:0,(anonymous_7)
FNDA:0,(anonymous_8)
FNDA:0,(anonymous_9)
FNDA:0,(anonymous_10)
FNDA:0,(anonymous_11)
FNDA:4,(anonymous_12)
FNDA:0,(anonymous_13)
DA:3,4
DA:4,4
DA:5,4
DA:6,4
DA:7,4
DA:8,4
DA:9,4
DA:10,4
DA:14,4
DA:18,0
DA:20,0
DA:25,0
DA:35,0
DA:39,0
DA:42,0
DA:45,0
DA:46,0
DA:48,0
DA:51,0
DA:52,0
DA:54,0
DA:55,0
DA:57,0
DA:58,0
DA:59,0
DA:61,0
DA:63,0
DA:69,0
DA:70,0
DA:72,0
DA:74,0
DA:75,0
DA:77,0
DA:87,0
DA:88,0
DA:89,0
DA:91,0
DA:94,0
DA:95,0
DA:99,0
DA:100,0
DA:102,0
DA:103,0
DA:106,0
DA:107,0
DA:112,4
DA:113,4
DA:115,4
DA:123,4
DA:125,4
DA:127,4
DA:130,4
DA:132,0
DA:137,4
DA:138,4
DA:141,4
DA:142,4
DA:145,4
DA:146,4
LF:59
LH:22
BRDA:74,0,0,0
BRDA:74,0,1,0
BRDA:87,1,0,0
BRDA:87,1,1,0
BRDA:99,2,0,0
BRDA:99,2,1,0
BRDA:100,3,0,0
BRDA:100,3,1,0
BRF:8
BRH:0
end_of_record
TN:
SF:D:\Documents\Studium\Informatik\_BP\schulcloud-server\src\services\account\model.js
FNF:0
FNH:0
DA:3,4
DA:4,4
DA:6,4
DA:23,4
DA:25,4
LF:5
LH:5
BRF:0
BRH:0
end_of_record
TN:
SF:D:\Documents\Studium\Informatik\_BP\schulcloud-server\src\services\account\hooks\index.js
FN:23,(anonymous_0)
FN:31,(anonymous_1)
FN:44,(anonymous_2)
FN:51,(anonymous_3)
FN:52,(anonymous_4)
FN:60,(anonymous_5)
FN:71,(anonymous_6)
FN:95,(anonymous_7)
FN:109,(anonymous_8)
FN:110,(anonymous_9)
FN:125,(anonymous_10)
FN:129,(anonymous_11)
FN:131,(anonymous_12)
FN:137,(anonymous_13)
FN:145,(anonymous_14)
FN:148,(anonymous_15)
FN:155,(anonymous_16)
FN:164,(anonymous_17)
FN:166,(anonymous_18)
FN:172,(anonymous_19)
FN:176,(anonymous_20)
FN:185,(anonymous_21)
FN:190,(anonymous_22)
FN:200,(anonymous_23)
FN:213,(anonymous_24)
FN:214,(anonymous_25)
FN:216,(anonymous_26)
FNF:27
FNH:23
FNDA:37,(anonymous_0)
FNDA:31,(anonymous_1)
FNDA:3,(anonymous_2)
FNDA:3,(anonymous_3)
FNDA:3,(anonymous_4)
FNDA:34,(anonymous_5)
FNDA:4,(anonymous_6)
FNDA:3,(anonymous_7)
FNDA:2,(anonymous_8)
FNDA:2,(anonymous_9)
FNDA:30,(anonymous_10)
FNDA:30,(anonymous_11)
FNDA:2,(anonymous_12)
FNDA:28,(anonymous_13)
FNDA:133,(anonymous_14)
FNDA:133,(anonymous_15)
FNDA:32,(anonymous_16)
FNDA:31,(anonymous_17)
FNDA:1,(anonymous_18)
FNDA:5,(anonymous_19)
FNDA:1,(anonymous_20)
FNDA:0,(anonymous_21)
FNDA:0,(anonymous_22)
FNDA:207,(anonymous_23)
FNDA:4,(anonymous_24)
FNDA:0,(anonymous_25)
FNDA:0,(anonymous_26)
DA:1,4
DA:2,4
DA:3,4
DA:4,4
DA:5,4
DA:7,4
DA:8,4
DA:9,4
DA:10,4
DA:11,4
DA:15,4
DA:23,4
DA:24,37
DA:25,29
DA:27,37
DA:31,4
DA:34,31
DA:36,31
DA:37,31
DA:39,30
DA:41,3
DA:42,3
DA:43,3
DA:45,3
DA:46,3
DA:51,3
DA:53,3
DA:54,3
DA:56,3
DA:60,4
DA:61,34
DA:62,33
DA:64,34
DA:65,2
DA:68,34
DA:71,4
DA:72,4
DA:73,4
DA:76,4
DA:77,4
DA:80,4
DA:81,1
DA:85,3
DA:86,0
DA:89,3
DA:96,3
DA:97,3
DA:102,0
DA:104,3
DA:105,0
DA:108,3
DA:109,2
DA:110,2
DA:111,2
DA:112,0
DA:114,2
DA:115,1
DA:117,2
DA:121,1
DA:125,4
DA:126,30
DA:127,30
DA:128,30
DA:131,30
DA:132,30
DA:133,28
DA:137,4
DA:138,28
DA:139,28
DA:140,0
DA:142,28
DA:145,4
DA:146,133
DA:148,133
DA:149,133
DA:150,0
DA:151,132
DA:155,4
DA:156,32
DA:157,32
DA:159,32
DA:160,1
DA:163,31
DA:166,31
DA:167,31
DA:168,30
DA:172,4
DA:173,5
DA:174,5
DA:175,1
DA:177,1
DA:178,0
DA:179,1
DA:182,4
DA:185,4
DA:191,0
DA:192,0
DA:193,0
DA:194,0
DA:197,0
DA:200,4
DA:201,207
DA:202,75
DA:204,207
DA:213,4
DA:214,4
DA:215,0
DA:216,0
DA:217,0
DA:218,0
DA:221,0
DA:222,0
DA:226,4
DA:262,4
LF:114
LH:96
BRDA:24,0,0,29
BRDA:24,0,1,8
BRDA:24,1,0,37
BRDA:24,1,1,37
BRDA:24,1,2,32
BRDA:36,2,0,0
BRDA:36,2,1,31
BRDA:37,3,0,1
BRDA:37,3,1,30
BRDA:39,4,0,27
BRDA:39,4,1,3
BRDA:53,5,0,3
BRDA:53,5,1,0
BRDA:61,6,0,33
BRDA:61,6,1,1
BRDA:64,7,0,2
BRDA:64,7,1,32
BRDA:80,8,0,1
BRDA:80,8,1,3
BRDA:80,9,0,4
BRDA:80,9,1,2
BRDA:85,10,0,0
BRDA:85,10,1,3
BRDA:96,11,0,3
BRDA:96,11,1,3
BRDA:97,12,0,0
BRDA:97,12,1,3
BRDA:98,13,0,3
BRDA:98,13,1,0
BRDA:98,13,2,3
BRDA:98,13,3,0
BRDA:98,13,4,0
BRDA:98,13,5,3
BRDA:98,13,6,3
BRDA:104,14,0,0
BRDA:104,14,1,3
BRDA:104,15,0,3
BRDA:104,15,1,2
BRDA:108,16,0,2
BRDA:108,16,1,1
BRDA:111,17,0,0
BRDA:111,17,1,2
BRDA:114,18,0,1
BRDA:114,18,1,1
BRDA:132,19,0,2
BRDA:132,19,1,28
BRDA:139,20,0,0
BRDA:139,20,1,28
BRDA:149,21,0,0
BRDA:149,21,1,132
BRDA:149,22,0,133
BRDA:149,22,1,38
BRDA:159,23,0,1
BRDA:159,23,1,31
BRDA:159,24,0,32
BRDA:159,24,1,1
BRDA:167,25,0,1
BRDA:167,25,1,30
BRDA:174,26,0,1
BRDA:174,26,1,4
BRDA:177,27,0,0
BRDA:177,27,1,1
BRDA:191,28,0,0
BRDA:191,28,1,0
BRDA:192,29,0,0
BRDA:192,29,1,0
BRDA:193,30,0,0
BRDA:193,30,1,0
BRDA:193,31,0,0
BRDA:193,31,1,0
BRDA:193,31,2,0
BRDA:193,31,3,0
BRDA:193,31,4,0
BRDA:201,32,0,75
BRDA:201,32,1,132
BRDA:217,33,0,0
BRDA:217,33,1,0
BRF:77
BRH:52
end_of_record
TN:
SF:D:\Documents\Studium\Informatik\_BP\schulcloud-server\src\services\account\hooksCJWT\index.js
FNF:0
FNH:0
DA:3,4
DA:4,4
DA:5,4
DA:7,4
DA:17,4
LF:5
LH:5
BRF:0
BRH:0
end_of_record
TN:
SF:D:\Documents\Studium\Informatik\_BP\schulcloud-server\src\services\account\strategies\interface.js
FN:2,(anonymous_0)
FN:8,(anonymous_1)
FNF:2
FNH:1
FNDA:50,(anonymous_0)
FNDA:0,(anonymous_1)
DA:3,50
DA:4,0
DA:9,0
DA:13,4
LF:4
LH:2
BRDA:3,0,0,0
BRDA:3,0,1,50
BRF:2
BRH:1
end_of_record
TN:
SF:D:\Documents\Studium\Informatik\_BP\schulcloud-server\src\services\account\strategies\iserv.js
FN:10,(anonymous_0)
FN:30,(anonymous_1)
FNF:2
FNH:2
FNDA:2,(anonymous_0)
FNDA:1,(anonymous_1)
DA:2,4
DA:3,4
DA:4,4
DA:5,4
DA:7,4
DA:12,2
DA:21,2
DA:28,2
DA:29,2
DA:31,1
DA:32,1
DA:33,1
DA:38,4
LF:13
LH:13
BRDA:31,0,0,0
BRDA:31,0,1,1
BRDA:31,1,0,1
BRDA:31,1,1,1
BRF:4
BRH:3
end_of_record
TN:
SF:D:\Documents\Studium\Informatik\_BP\schulcloud-server\src\services\account\strategies\itslearning.js
FN:14,(anonymous_0)
FN:31,(anonymous_1)
FN:46,(anonymous_2)
FNF:3
FNH:0
FNDA:0,(anonymous_0)
FNDA:0,(anonymous_1)
FNDA:0,(anonymous_2)
DA:2,4
DA:3,4
DA:4,4
DA:5,4
DA:6,4
DA:7,4
DA:8,4
DA:9,4
DA:11,4
DA:16,0
DA:22,0
DA:23,0
DA:24,0
DA:26,0
DA:30,0
DA:32,0
DA:33,0
DA:34,0
DA:35,0
DA:36,0
DA:37,0
DA:38,0
DA:39,0
DA:41,0
DA:47,0
DA:48,0
DA:50,0
DA:51,0
DA:52,0
DA:53,0
DA:54,0
DA:55,0
DA:59,4
LF:33
LH:10
BRDA:22,0,0,0
BRDA:22,0,1,0
BRDA:23,1,0,0
BRDA:23,1,1,0
BRDA:24,2,0,0
BRDA:24,2,1,0
BRDA:37,3,0,0
BRDA:37,3,1,0
BRDA:38,4,0,0
BRDA:38,4,1,0
BRDA:47,5,0,0
BRDA:47,5,1,0
BRDA:53,6,0,0
BRDA:53,6,1,0
BRDA:54,7,0,0
BRDA:54,7,1,0
BRF:16
BRH:0
end_of_record
TN:
SF:D:\Documents\Studium\Informatik\_BP\schulcloud-server\src\services\account\strategies\ldap.js
FN:6,(anonymous_0)
FN:11,(anonymous_1)
FN:17,(anonymous_2)
FN:19,(anonymous_3)
FN:22,(anonymous_4)
FNF:5
FNH:1
FNDA:11,(anonymous_0)
FNDA:0,(anonymous_1)
FNDA:0,(anonymous_2)
FNDA:0,(anonymous_3)
FNDA:0,(anonymous_4)
DA:1,4
DA:3,4
DA:7,11
DA:8,11
DA:12,0
DA:13,0
DA:14,0
DA:16,0
DA:18,0
DA:20,0
DA:23,0
DA:29,4
LF:12
LH:5
BRF:0
BRH:0
end_of_record
TN:
SF:D:\Documents\Studium\Informatik\_BP\schulcloud-server\src\services\account\strategies\local.js
FN:16,(anonymous_0)
FN:17,(anonymous_1)
FNF:2
FNH:0
FNDA:0,(anonymous_0)
FNDA:0,(anonymous_1)
DA:1,4
DA:2,4
DA:3,4
DA:4,4
DA:6,4
DA:8,4
DA:17,0
DA:18,0
DA:21,0
DA:22,0
DA:24,0
DA:29,4
LF:12
LH:7
BRDA:18,0,0,0
BRDA:18,0,1,0
BRDA:21,1,0,0
BRDA:21,1,1,0
BRF:4
BRH:0
end_of_record
TN:
SF:D:\Documents\Studium\Informatik\_BP\schulcloud-server\src\services\account\strategies\moodle.js
FN:9,(anonymous_0)
FN:14,(anonymous_1)
FN:29,(anonymous_2)
FN:35,(anonymous_3)
FNF:4
FNH:3
FNDA:14,(anonymous_0)
FNDA:3,(anonymous_1)
FNDA:3,(anonymous_2)
FNDA:0,(anonymous_3)
DA:1,4
DA:2,4
DA:3,4
DA:4,4
DA:6,4
DA:10,14
DA:11,14
DA:16,3
DA:24,3
DA:25,3
DA:26,3
DA:28,3
DA:30,3
DA:31,3
DA:36,0
DA:37,0
DA:41,4
LF:17
LH:15
BRDA:24,0,0,0
BRDA:24,0,1,3
BRDA:25,1,0,0
BRDA:25,1,1,3
BRDA:26,2,0,0
BRDA:26,2,1,3
BRDA:30,3,0,0
BRDA:30,3,1,3
BRF:8
BRH:4
end_of_record
TN:
SF:D:\Documents\Studium\Informatik\_BP\schulcloud-server\src\services\analytics\index.js
FN:11,(anonymous_0)
FN:17,(anonymous_1)
FN:46,(anonymous_2)
FN:47,(anonymous_3)
FN:53,(anonymous_4)
FN:59,(anonymous_5)
FNF:6
FNH:3
FNDA:4,(anonymous_0)
FNDA:0,(anonymous_1)
FNDA:0,(anonymous_2)
FNDA:0,(anonymous_3)
FNDA:11,(anonymous_4)
FNDA:4,(anonymous_5)
DA:3,4
DA:4,4
DA:5,4
DA:7,4
DA:12,4
DA:13,4
DA:18,0
DA:19,0
DA:20,0
DA:22,0
DA:23,0
DA:25,0
DA:45,0
DA:46,0
DA:48,0
DA:49,0
DA:54,11
DA:59,4
DA:60,4
DA:63,4
DA:66,4
DA:69,4
DA:72,4
DA:75,4
LF:24
LH:14
BRDA:12,0,0,4
BRDA:12,0,1,4
BRDA:18,1,0,0
BRDA:18,1,1,0
BRDA:22,2,0,0
BRDA:22,2,1,0
BRF:6
BRH:2
end_of_record
TN:
SF:D:\Documents\Studium\Informatik\_BP\schulcloud-server\src\services\analytics\model.js
FNF:0
FNH:0
DA:3,4
DA:4,4
DA:6,4
DA:34,4
LF:4
LH:4
BRF:0
BRH:0
end_of_record
TN:
SF:D:\Documents\Studium\Informatik\_BP\schulcloud-server\src\services\analytics\hooks\index.js
FNF:0
FNH:0
DA:3,4
DA:4,4
DA:5,4
DA:7,4
DA:19,4
LF:5
LH:5
BRF:0
BRH:0
end_of_record
TN:
SF:D:\Documents\Studium\Informatik\_BP\schulcloud-server\src\services\authentication\index.js
FN:25,(anonymous_0)
FN:55,(anonymous_1)
FN:60,(anonymous_2)
FN:74,(anonymous_3)
FNF:4
FNH:3
FNDA:4,(anonymous_0)
FNDA:13,(anonymous_1)
FNDA:0,(anonymous_2)
FNDA:13,(anonymous_3)
DA:3,4
DA:4,4
DA:5,4
DA:6,4
DA:8,4
DA:10,4
DA:11,4
DA:15,4
DA:16,4
DA:20,0
DA:23,4
DA:25,4
DA:26,4
DA:28,4
DA:44,4
DA:55,4
DA:56,13
DA:57,13
DA:58,13
DA:59,0
DA:60,0
DA:61,0
DA:62,0
DA:63,0
DA:64,0
DA:68,0
DA:70,13
DA:74,4
DA:75,13
DA:76,13
DA:77,12
DA:80,4
DA:94,4
DA:95,4
DA:96,4
DA:98,4
DA:103,4
DA:108,4
DA:113,4
DA:119,4
DA:155,4
LF:41
LH:33
BRDA:16,0,0,0
BRDA:16,0,1,4
BRDA:23,1,0,0
BRDA:23,1,1,4
BRDA:61,2,0,0
BRDA:61,2,1,0
BRDA:63,3,0,0
BRDA:63,3,1,0
BRDA:76,4,0,1
BRDA:76,4,1,12
BRF:10
BRH:4
end_of_record
TN:
SF:D:\Documents\Studium\Informatik\_BP\schulcloud-server\src\services\authentication\hooks\index.js
FN:7,(anonymous_0)
FN:9,(anonymous_1)
FN:20,(anonymous_2)
FN:26,(anonymous_3)
FNF:4
FNH:3
FNDA:13,(anonymous_0)
FNDA:13,(anonymous_1)
FNDA:27,(anonymous_2)
FNDA:0,(anonymous_3)
DA:3,4
DA:4,4
DA:5,4
DA:7,4
DA:8,13
DA:9,13
DA:10,13
DA:11,13
DA:13,13
DA:14,1
DA:16,13
DA:20,4
DA:21,27
DA:22,27
DA:23,27
DA:26,4
DA:27,0
DA:28,0
DA:31,4
DA:42,4
LF:20
LH:18
BRDA:10,0,0,13
BRDA:10,0,1,0
BRDA:13,1,0,1
BRDA:13,1,1,12
BRDA:21,2,0,27
BRDA:21,2,1,0
BRF:6
BRH:4
end_of_record
TN:
SF:D:\Documents\Studium\Informatik\_BP\schulcloud-server\src\services\authentication\strategies\custom.js
FN:4,CustomStrategy
FN:19,(anonymous_1)
FN:23,verified
FNF:3
FNH:1
FNDA:44,CustomStrategy
FNDA:0,(anonymous_1)
FNDA:0,verified
DA:1,4
DA:2,4
DA:5,44
DA:6,0
DA:7,0
DA:9,44
DA:11,44
DA:12,44
DA:13,44
DA:14,44
DA:17,4
DA:19,4
DA:20,0
DA:21,0
DA:24,0
DA:25,0
DA:26,0
DA:29,0
DA:30,0
DA:32,0
DA:36,4
LF:21
LH:11
BRDA:5,0,0,0
BRDA:5,0,1,44
BRDA:9,1,0,0
BRDA:9,1,1,44
BRDA:21,2,0,0
BRDA:21,2,1,0
BRDA:24,3,0,0
BRDA:24,3,1,0
BRDA:25,4,0,0
BRDA:25,4,1,0
BRF:10
BRH:2
end_of_record
TN:
SF:D:\Documents\Studium\Informatik\_BP\schulcloud-server\src\services\authentication\strategies\system\index.js
FN:22,init
FN:23,(anonymous_1)
FN:37,(anonymous_2)
FNF:3
FNH:3
FNDA:16,init
FNDA:16,(anonymous_1)
FNDA:44,(anonymous_2)
DA:1,4
DA:2,4
DA:3,4
DA:5,4
DA:14,4
DA:23,16
DA:24,16
DA:25,16
DA:27,16
DA:28,0
DA:31,16
DA:32,16
DA:33,16
DA:35,16
DA:37,16
DA:38,44
DA:39,44
DA:41,44
DA:42,0
DA:46,44
DA:47,44
DA:49,44
DA:55,4
DA:60,4
DA:61,4
LF:25
LH:23
BRDA:22,0,0,0
BRDA:27,1,0,0
BRDA:27,1,1,16
BRDA:31,2,0,16
BRDA:31,2,1,0
BRDA:32,3,0,16
BRDA:32,3,1,0
BRDA:33,4,0,16
BRDA:33,4,1,16
BRDA:41,5,0,0
BRDA:41,5,1,44
BRF:11
BRH:6
end_of_record
TN:
SF:D:\Documents\Studium\Informatik\_BP\schulcloud-server\src\services\authentication\strategies\system\verifier.js
FN:2,(anonymous_0)
FN:15,(anonymous_1)
FN:17,(anonymous_2)
FN:27,(anonymous_3)
FN:34,(anonymous_4)
FN:50,(anonymous_5)
FN:54,(anonymous_6)
FN:55,(anonymous_7)
FN:57,(anonymous_8)
FN:65,(anonymous_9)
FN:73,(anonymous_10)
FNF:11
FNH:1
FNDA:44,(anonymous_0)
FNDA:0,(anonymous_1)
FNDA:0,(anonymous_2)
FNDA:0,(anonymous_3)
FNDA:0,(anonymous_4)
FNDA:0,(anonymous_5)
FNDA:0,(anonymous_6)
FNDA:0,(anonymous_7)
FNDA:0,(anonymous_8)
FNDA:0,(anonymous_9)
FNDA:0,(anonymous_10)
DA:3,44
DA:4,44
DA:6,44
DA:7,0
DA:10,44
DA:11,44
DA:16,0
DA:18,0
DA:19,0
DA:21,0
DA:28,0
DA:35,0
DA:36,0
DA:39,0
DA:51,0
DA:53,0
DA:55,0
DA:56,0
DA:59,0
DA:66,0
DA:70,0
DA:74,0
DA:80,4
LF:23
LH:6
BRDA:2,0,0,0
BRDA:6,1,0,0
BRDA:6,1,1,44
BRDA:18,2,0,0
BRDA:18,2,1,0
BRDA:35,3,0,0
BRDA:35,3,1,0
BRF:7
BRH:1
end_of_record
TN:
SF:D:\Documents\Studium\Informatik\_BP\schulcloud-server\src\services\calendar\index.js
FN:8,toQueryString
FN:11,(anonymous_1)
FN:19,(anonymous_2)
FN:41,(anonymous_3)
FN:74,(anonymous_4)
FN:182,(anonymous_5)
FN:198,(anonymous_6)
FN:199,(anonymous_7)
FN:212,(anonymous_8)
FN:225,(anonymous_9)
FN:226,(anonymous_10)
FN:239,(anonymous_11)
FN:254,(anonymous_12)
FN:261,(anonymous_13)
FN:276,(anonymous_14)
FN:282,(anonymous_15)
FN:287,(anonymous_16)
FNF:17
FNH:17
FNDA:1,toQueryString
FNDA:1,(anonymous_1)
FNDA:3,(anonymous_2)
FNDA:2,(anonymous_3)
FNDA:4,(anonymous_4)
FNDA:1,(anonymous_5)
FNDA:1,(anonymous_6)
FNDA:1,(anonymous_7)
FNDA:1,(anonymous_8)
FNDA:1,(anonymous_9)
FNDA:1,(anonymous_10)
FNDA:1,(anonymous_11)
FNDA:1,(anonymous_12)
FNDA:1,(anonymous_13)
FNDA:1,(anonymous_14)
FNDA:11,(anonymous_15)
FNDA:4,(anonymous_16)
DA:3,4
DA:4,4
DA:6,4
DA:9,1
DA:11,1
DA:19,4
DA:20,3
DA:21,3
DA:22,3
DA:23,3
DA:24,3
DA:25,3
DA:26,3
DA:29,3
DA:30,3
DA:31,3
DA:33,3
DA:41,4
DA:42,2
DA:75,4
DA:76,4
DA:184,1
DA:186,1
DA:187,1
DA:198,1
DA:199,1
DA:200,1
DA:208,1
DA:214,1
DA:215,1
DA:216,1
DA:225,1
DA:226,1
DA:227,1
DA:235,1
DA:240,1
DA:242,1
DA:243,1
DA:254,1
DA:256,1
DA:257,1
DA:262,1
DA:264,1
DA:265,1
DA:276,1
DA:277,1
DA:278,1
DA:283,11
DA:287,4
DA:288,4
DA:291,4
DA:294,4
DA:297,4
DA:300,4
DA:303,4
LF:55
LH:55
BRDA:51,0,0,2
BRDA:51,0,1,0
BRDA:75,1,0,4
BRDA:75,1,1,4
BRDA:184,2,0,1
BRDA:184,2,1,0
BRDA:186,3,0,1
BRDA:186,3,1,1
BRDA:186,3,2,1
BRDA:186,4,0,1
BRDA:186,4,1,1
BRDA:186,5,0,1
BRDA:186,5,1,1
BRDA:199,6,0,1
BRDA:199,6,1,0
BRDA:214,7,0,1
BRDA:214,7,1,0
BRDA:215,8,0,1
BRDA:215,8,1,1
BRDA:215,8,2,1
BRDA:215,9,0,1
BRDA:215,9,1,0
BRDA:215,10,0,1
BRDA:215,10,1,1
BRDA:226,11,0,1
BRDA:226,11,1,1
BRDA:226,12,0,1
BRDA:226,12,1,0
BRDA:226,13,0,1
BRDA:226,13,1,0
BRDA:226,13,2,0
BRDA:240,14,0,1
BRDA:240,14,1,0
BRDA:242,15,0,1
BRDA:242,15,1,1
BRDA:242,15,2,1
BRDA:242,16,0,1
BRDA:242,16,1,1
BRDA:242,17,0,1
BRDA:242,17,1,1
BRDA:256,18,0,0
BRDA:256,18,1,1
BRDA:262,19,0,1
BRDA:262,19,1,0
BRDA:264,20,0,1
BRDA:264,20,1,1
BRDA:264,20,2,1
BRDA:264,21,0,1
BRDA:264,21,1,1
BRDA:264,22,0,1
BRDA:264,22,1,1
BRDA:277,23,0,1
BRDA:277,23,1,0
BRDA:277,23,2,0
BRF:54
BRH:41
end_of_record
TN:
SF:D:\Documents\Studium\Informatik\_BP\schulcloud-server\src\services\calendar\hooks\index.js
FN:12,(anonymous_0)
FN:14,(anonymous_1)
FN:20,(anonymous_2)
FN:31,(anonymous_3)
FNF:4
FNH:3
FNDA:1,(anonymous_0)
FNDA:1,(anonymous_1)
FNDA:0,(anonymous_2)
FNDA:1,(anonymous_3)
DA:3,4
DA:4,4
DA:5,4
DA:6,4
DA:12,4
DA:13,1
DA:14,1
DA:15,1
DA:16,0
DA:17,0
DA:20,0
DA:21,0
DA:32,1
DA:36,4
DA:48,4
LF:15
LH:11
BRDA:15,0,0,0
BRDA:15,0,1,1
BRF:2
BRH:1
end_of_record
TN:
SF:D:\Documents\Studium\Informatik\_BP\schulcloud-server\src\services\clipboard\index.js
FN:9,(anonymous_0)
FNF:1
FNH:1
FNDA:4,(anonymous_0)
DA:3,4
DA:4,4
DA:5,4
DA:6,4
DA:7,4
DA:9,4
DA:10,4
DA:11,4
DA:14,4
LF:9
LH:9
BRF:0
BRH:0
end_of_record
TN:
SF:D:\Documents\Studium\Informatik\_BP\schulcloud-server\src\services\consent\index.js
FN:8,(anonymous_0)
FNF:1
FNH:1
FNDA:4,(anonymous_0)
DA:3,4
DA:4,4
DA:5,4
DA:6,4
DA:8,4
DA:9,4
DA:12,4
DA:20,4
DA:21,4
DA:22,4
DA:25,4
DA:33,4
DA:34,4
DA:35,4
LF:14
LH:14
BRF:0
BRH:0
end_of_record
TN:
SF:D:\Documents\Studium\Informatik\_BP\schulcloud-server\src\services\consent\model.js
FNF:0
FNH:0
DA:8,4
DA:10,4
DA:12,4
DA:14,4
DA:42,4
DA:48,4
DA:49,4
DA:51,4
LF:8
LH:8
BRF:0
BRH:0
end_of_record
TN:
SF:D:\Documents\Studium\Informatik\_BP\schulcloud-server\src\services\consent\hooks\consents.js
FN:9,(anonymous_0)
FN:16,(anonymous_1)
FN:18,(anonymous_2)
FN:32,(anonymous_3)
FN:59,(anonymous_4)
FN:66,(anonymous_5)
FN:68,(anonymous_6)
FN:72,(anonymous_7)
FN:78,(anonymous_8)
FN:97,(anonymous_9)
FN:101,(anonymous_10)
FN:105,(anonymous_11)
FN:112,(anonymous_12)
FN:161,(anonymous_13)
FN:168,(anonymous_14)
FN:173,(anonymous_15)
FN:178,(anonymous_16)
FN:184,(anonymous_17)
FN:186,(anonymous_18)
FN:190,(anonymous_19)
FN:193,(anonymous_20)
FN:195,(anonymous_21)
FN:196,(anonymous_22)
FN:198,(anonymous_23)
FN:203,(anonymous_24)
FNF:25
FNH:19
FNDA:0,(anonymous_0)
FNDA:0,(anonymous_1)
FNDA:0,(anonymous_2)
FNDA:8,(anonymous_3)
FNDA:9,(anonymous_4)
FNDA:7,(anonymous_5)
FNDA:7,(anonymous_6)
FNDA:4,(anonymous_7)
FNDA:0,(anonymous_8)
FNDA:14,(anonymous_9)
FNDA:14,(anonymous_10)
FNDA:7,(anonymous_11)
FNDA:7,(anonymous_12)
FNDA:7,(anonymous_13)
FNDA:7,(anonymous_14)
FNDA:7,(anonymous_15)
FNDA:0,(anonymous_16)
FNDA:1,(anonymous_17)
FNDA:1,(anonymous_18)
FNDA:1,(anonymous_19)
FNDA:9,(anonymous_20)
FNDA:6,(anonymous_21)
FNDA:6,(anonymous_22)
FNDA:0,(anonymous_23)
FNDA:9,(anonymous_24)
DA:3,4
DA:4,4
DA:9,4
DA:10,0
DA:11,0
DA:17,0
DA:18,0
DA:19,0
DA:20,0
DA:23,0
DA:24,0
DA:26,0
DA:27,0
DA:32,4
DA:33,8
DA:34,2
DA:35,2
DA:36,2
DA:38,2
DA:39,2
DA:41,2
DA:42,2
DA:45,8
DA:46,5
DA:47,5
DA:48,5
DA:50,5
DA:51,5
DA:53,5
DA:54,5
DA:59,4
DA:60,9
DA:61,0
DA:63,9
DA:66,4
DA:67,7
DA:69,7
DA:71,4
DA:72,4
DA:73,4
DA:76,3
DA:79,0
DA:83,4
DA:97,4
DA:98,14
DA:99,0
DA:101,14
DA:102,14
DA:105,4
DA:106,7
DA:107,7
DA:109,7
DA:111,7
DA:113,7
DA:114,7
DA:115,0
DA:116,0
DA:117,0
DA:120,7
DA:121,1
DA:122,1
DA:123,1
DA:124,0
DA:125,0
DA:127,1
DA:129,1
DA:132,6
DA:133,0
DA:134,0
DA:135,0
DA:137,6
DA:139,6
DA:140,3
DA:142,3
DA:143,0
DA:144,0
DA:147,6
DA:149,3
DA:150,3
DA:151,0
DA:152,0
DA:153,0
DA:157,6
DA:158,3
DA:162,7
DA:163,0
DA:164,0
DA:165,0
DA:167,7
DA:169,7
DA:170,0
DA:172,7
DA:174,7
DA:175,7
DA:176,7
DA:179,0
DA:184,4
DA:185,1
DA:187,1
DA:188,1
DA:190,1
DA:193,4
DA:194,9
DA:195,9
DA:196,6
DA:197,6
DA:199,0
DA:203,9
DA:204,9
DA:205,9
DA:209,4
LF:111
LH:79
BRDA:19,0,0,0
BRDA:19,0,1,0
BRDA:19,1,0,0
BRDA:19,1,1,0
BRDA:19,1,2,0
BRDA:23,2,0,0
BRDA:23,2,1,0
BRDA:33,3,0,2
BRDA:33,3,1,6
BRDA:35,4,0,2
BRDA:35,4,1,0
BRDA:38,5,0,2
BRDA:38,5,1,0
BRDA:41,6,0,2
BRDA:41,6,1,0
BRDA:45,7,0,5
BRDA:45,7,1,3
BRDA:47,8,0,5
BRDA:47,8,1,0
BRDA:50,9,0,5
BRDA:50,9,1,0
BRDA:53,10,0,5
BRDA:53,10,1,0
BRDA:60,11,0,0
BRDA:60,11,1,9
BRDA:60,12,0,9
BRDA:60,12,1,0
BRDA:60,13,0,9
BRDA:60,13,1,0
BRDA:60,14,0,9
BRDA:60,14,1,0
BRDA:60,15,0,0
BRDA:60,15,1,0
BRDA:60,16,0,0
BRDA:60,16,1,0
BRDA:69,17,0,4
BRDA:69,17,1,3
BRDA:98,18,0,0
BRDA:98,18,1,14
BRDA:114,19,0,0
BRDA:114,19,1,7
BRDA:120,20,0,1
BRDA:120,20,1,6
BRDA:121,21,0,1
BRDA:121,21,1,0
BRDA:123,22,0,0
BRDA:123,22,1,1
BRDA:123,23,0,1
BRDA:123,23,1,1
BRDA:123,23,2,1
BRDA:132,24,0,0
BRDA:132,24,1,6
BRDA:139,25,0,3
BRDA:139,25,1,3
BRDA:140,26,0,3
BRDA:140,26,1,0
BRDA:140,27,0,3
BRDA:140,27,1,0
BRDA:142,28,0,0
BRDA:142,28,1,3
BRDA:142,29,0,3
BRDA:142,29,1,3
BRDA:142,29,2,3
BRDA:147,30,0,3
BRDA:147,30,1,3
BRDA:149,31,0,3
BRDA:149,31,1,0
BRDA:150,32,0,0
BRDA:150,32,1,3
BRDA:150,33,0,3
BRDA:150,33,1,3
BRDA:150,33,2,3
BRDA:152,34,0,0
BRDA:152,34,1,0
BRDA:152,35,0,0
BRDA:152,35,1,0
BRDA:157,36,0,3
BRDA:157,36,1,3
BRDA:162,37,0,0
BRDA:162,37,1,7
BRDA:162,38,0,7
BRDA:162,38,1,1
BRDA:162,39,0,1
BRDA:162,39,1,0
BRDA:163,40,0,0
BRDA:163,40,1,0
BRDA:169,41,0,0
BRDA:169,41,1,7
BRDA:169,42,0,7
BRDA:169,42,1,7
BRDA:169,43,0,7
BRDA:169,43,1,0
BRDA:187,44,0,0
BRDA:187,44,1,1
BRDA:194,45,0,0
BRDA:194,45,1,9
BRDA:195,46,0,9
BRDA:195,46,1,0
BRF:98
BRH:54
end_of_record
TN:
SF:D:\Documents\Studium\Informatik\_BP\schulcloud-server\src\services\consent\hooks\consentversions.js
FNF:0
FNH:0
DA:3,4
DA:4,4
DA:5,4
DA:7,4
DA:17,4
LF:5
LH:5
BRF:0
BRH:0
end_of_record
TN:
SF:D:\Documents\Studium\Informatik\_BP\schulcloud-server\src\services\content\index.js
FN:11,(anonymous_0)
FN:15,(anonymous_1)
FN:23,(anonymous_2)
FN:28,(anonymous_3)
FN:35,(anonymous_4)
FN:40,(anonymous_5)
FN:46,(anonymous_6)
FN:50,(anonymous_7)
FN:58,(anonymous_8)
FN:63,(anonymous_9)
FN:69,(anonymous_10)
FN:73,(anonymous_11)
FN:80,(anonymous_12)
FN:93,(anonymous_13)
FN:97,(anonymous_14)
FN:102,(anonymous_15)
FNF:16
FNH:11
FNDA:4,(anonymous_0)
FNDA:2,(anonymous_1)
FNDA:2,(anonymous_2)
FNDA:0,(anonymous_3)
FNDA:0,(anonymous_4)
FNDA:11,(anonymous_5)
FNDA:4,(anonymous_6)
FNDA:2,(anonymous_7)
FNDA:2,(anonymous_8)
FNDA:11,(anonymous_9)
FNDA:4,(anonymous_10)
FNDA:0,(anonymous_11)
FNDA:0,(anonymous_12)
FNDA:0,(anonymous_13)
FNDA:11,(anonymous_14)
FNDA:4,(anonymous_15)
DA:3,4
DA:4,4
DA:5,4
DA:6,4
DA:8,4
DA:12,4
DA:16,2
DA:17,2
DA:23,2
DA:24,2
DA:29,0
DA:30,0
DA:35,0
DA:36,0
DA:41,11
DA:47,4
DA:51,2
DA:52,2
DA:58,2
DA:59,2
DA:64,11
DA:70,4
DA:74,0
DA:75,0
DA:80,0
DA:82,0
DA:89,0
DA:94,0
DA:98,11
DA:102,4
DA:103,4
DA:106,4
DA:116,4
DA:117,4
DA:118,4
DA:119,4
DA:122,4
DA:123,4
DA:126,4
DA:127,4
DA:130,4
DA:131,4
LF:42
LH:32
BRDA:12,0,0,4
BRDA:12,0,1,4
BRDA:16,1,0,2
BRDA:16,1,1,0
BRDA:29,2,0,0
BRDA:29,2,1,0
BRDA:47,3,0,4
BRDA:47,3,1,4
BRDA:51,4,0,2
BRDA:51,4,1,0
BRDA:70,5,0,4
BRDA:70,5,1,4
BRDA:74,6,0,0
BRDA:74,6,1,0
BRF:14
BRH:8
end_of_record
TN:
SF:D:\Documents\Studium\Informatik\_BP\schulcloud-server\src\services\content\material-model.js
FNF:0
FNH:0
DA:8,4
DA:9,4
DA:11,4
DA:17,4
DA:22,4
DA:43,4
DA:45,4
LF:7
LH:7
BRF:0
BRH:0
end_of_record
TN:
SF:D:\Documents\Studium\Informatik\_BP\schulcloud-server\src\services\content\hooks\index.js
FNF:0
FNH:0
DA:3,4
DA:4,4
DA:5,4
DA:7,4
DA:19,4
LF:5
LH:5
BRF:0
BRH:0
end_of_record
TN:
SF:D:\Documents\Studium\Informatik\_BP\schulcloud-server\src\services\federalState\index.js
FN:7,(anonymous_0)
FNF:1
FNH:1
FNDA:4,(anonymous_0)
DA:3,4
DA:4,4
DA:5,4
DA:7,4
DA:8,4
DA:10,4
DA:20,4
DA:23,4
DA:26,4
DA:29,4
LF:10
LH:10
BRF:0
BRH:0
end_of_record
TN:
SF:D:\Documents\Studium\Informatik\_BP\schulcloud-server\src\services\federalState\model.js
FNF:0
FNH:0
DA:8,4
DA:9,4
DA:11,4
DA:19,4
DA:21,4
LF:5
LH:5
BRF:0
BRH:0
end_of_record
TN:
SF:D:\Documents\Studium\Informatik\_BP\schulcloud-server\src\services\federalState\hooks\index.js
FNF:0
FNH:0
DA:3,4
DA:4,4
DA:5,4
DA:7,4
DA:17,4
LF:5
LH:5
BRF:0
BRH:0
end_of_record
TN:
SF:D:\Documents\Studium\Informatik\_BP\schulcloud-server\src\services\fileStorage\index.js
FN:4,(anonymous_0)
FNF:1
FNH:1
FNDA:4,(anonymous_0)
DA:1,4
DA:2,4
DA:4,4
DA:5,4
DA:7,4
DA:9,4
LF:6
LH:6
BRF:0
BRH:0
end_of_record
TN:
SF:D:\Documents\Studium\Informatik\_BP\schulcloud-server\src\services\fileStorage\model-service.js
FN:5,(anonymous_0)
FNF:1
FNH:1
FNDA:4,(anonymous_0)
DA:1,4
DA:2,4
DA:3,4
DA:5,4
DA:6,4
DA:8,4
DA:18,4
DA:19,4
DA:20,4
DA:21,4
LF:10
LH:10
BRF:0
BRH:0
end_of_record
TN:
SF:D:\Documents\Studium\Informatik\_BP\schulcloud-server\src\services\fileStorage\model.js
FNF:0
FNH:0
DA:1,4
DA:3,4
DA:5,4
DA:34,4
DA:60,4
DA:62,4
LF:6
LH:6
BRF:0
BRH:0
end_of_record
TN:
SF:D:\Documents\Studium\Informatik\_BP\schulcloud-server\src\services\fileStorage\proxy-service.js
FN:25,(anonymous_0)
FN:31,(anonymous_1)
FN:32,(anonymous_2)
FN:44,(anonymous_3)
FN:55,(anonymous_4)
FN:104,(anonymous_5)
FN:105,(anonymous_6)
FN:107,(anonymous_7)
FN:114,(anonymous_8)
FN:123,(anonymous_9)
FN:128,(anonymous_10)
FN:130,(anonymous_11)
FN:131,(anonymous_12)
FN:132,(anonymous_13)
FN:136,(anonymous_14)
FN:137,(anonymous_15)
FN:150,(anonymous_16)
FN:156,(anonymous_17)
FN:157,(anonymous_18)
FN:162,(anonymous_19)
FN:163,(anonymous_20)
FN:174,(anonymous_21)
FN:205,(anonymous_22)
FN:211,(anonymous_23)
FN:213,(anonymous_24)
FN:226,(anonymous_25)
FN:229,(anonymous_26)
FN:244,(anonymous_27)
FN:253,(anonymous_28)
FN:280,(anonymous_29)
FN:283,(anonymous_30)
FN:286,(anonymous_31)
FN:293,(anonymous_32)
FN:306,(anonymous_33)
FN:312,(anonymous_34)
FN:325,(anonymous_35)
FN:328,(anonymous_36)
FN:331,(anonymous_37)
FN:337,(anonymous_38)
FN:350,(anonymous_39)
FN:351,(anonymous_40)
FN:354,(anonymous_41)
FN:371,(anonymous_42)
FN:383,(anonymous_43)
FN:390,(anonymous_44)
FN:397,(anonymous_45)
FN:405,(anonymous_46)
FN:449,(anonymous_47)
FN:450,(anonymous_48)
FN:451,(anonymous_49)
FN:458,(anonymous_50)
FN:467,(anonymous_51)
FN:477,(anonymous_52)
FN:479,(anonymous_53)
FN:480,(anonymous_54)
FN:481,(anonymous_55)
FN:485,(anonymous_56)
FN:486,(anonymous_57)
FN:495,(anonymous_58)
FN:501,(anonymous_59)
FN:502,(anonymous_60)
FN:506,(anonymous_61)
FN:507,(anonymous_62)
FN:522,(anonymous_63)
FN:529,(anonymous_64)
FN:530,(anonymous_65)
FN:543,(anonymous_66)
FN:545,(anonymous_67)
FN:547,(anonymous_68)
FN:557,(anonymous_69)
FN:570,(anonymous_70)
FN:581,(anonymous_71)
FN:590,(anonymous_72)
FN:607,(anonymous_73)
FN:617,(anonymous_74)
FN:630,(anonymous_75)
FN:643,(anonymous_76)
FN:648,(anonymous_77)
FN:662,(anonymous_78)
FN:672,(anonymous_79)
FN:676,(anonymous_80)
FN:687,(anonymous_81)
FN:712,(anonymous_82)
FN:719,(anonymous_83)
FN:745,(anonymous_84)
FNF:85
FNH:12
FNDA:6,(anonymous_0)
FNDA:0,(anonymous_1)
FNDA:0,(anonymous_2)
FNDA:0,(anonymous_3)
FNDA:0,(anonymous_4)
FNDA:0,(anonymous_5)
FNDA:0,(anonymous_6)
FNDA:0,(anonymous_7)
FNDA:0,(anonymous_8)
FNDA:0,(anonymous_9)
FNDA:0,(anonymous_10)
FNDA:0,(anonymous_11)
FNDA:0,(anonymous_12)
FNDA:0,(anonymous_13)
FNDA:0,(anonymous_14)
FNDA:0,(anonymous_15)
FNDA:0,(anonymous_16)
FNDA:0,(anonymous_17)
FNDA:0,(anonymous_18)
FNDA:0,(anonymous_19)
FNDA:0,(anonymous_20)
FNDA:0,(anonymous_21)
FNDA:0,(anonymous_22)
FNDA:0,(anonymous_23)
FNDA:0,(anonymous_24)
FNDA:0,(anonymous_25)
FNDA:0,(anonymous_26)
FNDA:6,(anonymous_27)
FNDA:6,(anonymous_28)
FNDA:138,(anonymous_29)
FNDA:6,(anonymous_30)
FNDA:6,(anonymous_31)
FNDA:0,(anonymous_32)
FNDA:6,(anonymous_33)
FNDA:0,(anonymous_34)
FNDA:0,(anonymous_35)
FNDA:0,(anonymous_36)
FNDA:0,(anonymous_37)
FNDA:0,(anonymous_38)
FNDA:0,(anonymous_39)
FNDA:0,(anonymous_40)
FNDA:0,(anonymous_41)
FNDA:7,(anonymous_42)
FNDA:0,(anonymous_43)
FNDA:0,(anonymous_44)
FNDA:7,(anonymous_45)
FNDA:23,(anonymous_46)
FNDA:0,(anonymous_47)
FNDA:0,(anonymous_48)
FNDA:0,(anonymous_49)
FNDA:0,(anonymous_50)
FNDA:0,(anonymous_51)
FNDA:0,(anonymous_52)
FNDA:0,(anonymous_53)
FNDA:0,(anonymous_54)
FNDA:0,(anonymous_55)
FNDA:0,(anonymous_56)
FNDA:0,(anonymous_57)
FNDA:0,(anonymous_58)
FNDA:0,(anonymous_59)
FNDA:0,(anonymous_60)
FNDA:0,(anonymous_61)
FNDA:0,(anonymous_62)
FNDA:0,(anonymous_63)
FNDA:0,(anonymous_64)
FNDA:0,(anonymous_65)
FNDA:0,(anonymous_66)
FNDA:0,(anonymous_67)
FNDA:0,(anonymous_68)
FNDA:0,(anonymous_69)
FNDA:0,(anonymous_70)
FNDA:0,(anonymous_71)
FNDA:0,(anonymous_72)
FNDA:0,(anonymous_73)
FNDA:0,(anonymous_74)
FNDA:0,(anonymous_75)
FNDA:0,(anonymous_76)
FNDA:0,(anonymous_77)
FNDA:0,(anonymous_78)
FNDA:0,(anonymous_79)
FNDA:0,(anonymous_80)
FNDA:0,(anonymous_81)
FNDA:0,(anonymous_82)
FNDA:4,(anonymous_83)
FNDA:40,(anonymous_84)
DA:1,4
DA:2,4
DA:3,4
DA:4,4
DA:6,4
DA:7,4
DA:8,4
DA:14,4
DA:15,4
DA:16,4
DA:17,4
DA:18,4
DA:19,4
DA:21,4
DA:25,4
DA:26,6
DA:27,6
DA:28,6
DA:31,4
DA:32,0
DA:33,0
DA:36,4
DA:45,0
DA:46,0
DA:47,0
DA:55,0
DA:56,0
DA:57,0
DA:59,0
DA:62,0
DA:63,0
DA:65,0
DA:66,0
DA:69,0
DA:70,0
DA:72,0
DA:82,0
DA:84,0
DA:85,0
DA:86,0
DA:88,0
DA:91,0
DA:102,0
DA:103,0
DA:104,0
DA:105,0
DA:108,0
DA:109,0
DA:113,0
DA:114,0
DA:124,0
DA:125,0
DA:127,0
DA:129,0
DA:130,0
DA:131,0
DA:132,0
DA:134,0
DA:137,0
DA:138,0
DA:139,0
DA:142,0
DA:151,0
DA:152,0
DA:153,0
DA:155,0
DA:156,0
DA:158,0
DA:160,0
DA:162,0
DA:164,0
DA:165,0
DA:175,0
DA:176,0
DA:177,0
DA:178,0
DA:179,0
DA:181,0
DA:182,0
DA:183,0
DA:184,0
DA:189,0
DA:190,0
DA:191,0
DA:192,0
DA:197,0
DA:198,0
DA:199,0
DA:205,0
DA:206,0
DA:207,0
DA:210,0
DA:211,0
DA:212,0
DA:213,0
DA:215,0
DA:216,0
DA:218,0
DA:222,0
DA:225,0
DA:226,0
DA:230,0
DA:231,0
DA:236,4
DA:245,6
DA:246,6
DA:247,6
DA:249,6
DA:253,6
DA:280,138
DA:282,6
DA:284,6
DA:287,6
DA:288,2
DA:291,4
DA:294,0
DA:301,0
DA:307,6
DA:308,6
DA:313,0
DA:314,0
DA:315,0
DA:316,0
DA:318,0
DA:319,0
DA:322,0
DA:324,0
DA:325,0
DA:328,0
DA:332,0
DA:333,0
DA:338,0
DA:339,0
DA:340,0
DA:341,0
DA:343,0
DA:344,0
DA:347,0
DA:349,0
DA:350,0
DA:351,0
DA:355,0
DA:356,0
DA:361,4
DA:372,7
DA:373,7
DA:374,7
DA:383,7
DA:384,0
DA:385,0
DA:387,0
DA:390,7
DA:397,7
DA:405,23
DA:407,7
DA:408,7
DA:411,0
DA:412,0
DA:414,0
DA:415,0
DA:418,0
DA:419,0
DA:421,0
DA:431,0
DA:432,0
DA:433,0
DA:436,0
DA:447,0
DA:448,0
DA:449,0
DA:450,0
DA:452,0
DA:453,0
DA:457,0
DA:458,0
DA:468,0
DA:469,0
DA:471,0
DA:476,0
DA:478,0
DA:479,0
DA:480,0
DA:481,0
DA:483,0
DA:486,0
DA:487,0
DA:496,0
DA:497,0
DA:498,0
DA:500,0
DA:501,0
DA:503,0
DA:504,0
DA:506,0
DA:508,0
DA:509,0
DA:514,4
DA:523,0
DA:524,0
DA:526,0
DA:528,0
DA:529,0
DA:531,0
DA:532,0
DA:537,4
DA:544,0
DA:545,0
DA:547,0
DA:552,4
DA:558,0
DA:562,4
DA:571,0
DA:572,0
DA:573,0
DA:575,0
DA:576,0
DA:580,0
DA:582,0
DA:585,0
DA:591,0
DA:595,0
DA:596,0
DA:597,0
DA:600,0
DA:609,0
DA:611,0
DA:617,0
DA:624,4
DA:633,0
DA:634,0
DA:635,0
DA:636,0
DA:638,0
DA:643,0
DA:648,0
DA:661,4
DA:663,0
DA:669,0
DA:671,0
DA:672,0
DA:677,0
DA:678,0
DA:681,0
DA:682,0
DA:685,0
DA:686,0
DA:687,0
DA:690,0
DA:691,0
DA:700,0
DA:708,0
DA:713,0
DA:714,0
DA:719,4
DA:720,4
DA:723,4
DA:724,4
DA:725,4
DA:726,4
DA:727,4
DA:728,4
DA:729,4
DA:730,4
DA:731,4
DA:732,4
DA:734,4
DA:747,40
DA:748,40
DA:749,40
LF:269
LH:66
BRDA:27,0,0,0
BRDA:27,0,1,6
BRDA:32,1,0,0
BRDA:32,1,1,0
BRDA:56,2,0,0
BRDA:56,2,1,0
BRDA:65,3,0,0
BRDA:65,3,1,0
BRDA:69,4,0,0
BRDA:69,4,1,0
BRDA:82,5,0,0
BRDA:82,5,1,0
BRDA:82,6,0,0
BRDA:82,6,1,0
BRDA:84,7,0,0
BRDA:84,7,1,0
BRDA:84,8,0,0
BRDA:84,8,1,0
BRDA:93,9,0,0
BRDA:93,9,1,0
BRDA:102,10,0,0
BRDA:102,10,1,0
BRDA:105,11,0,0
BRDA:105,11,1,0
BRDA:114,12,0,0
BRDA:114,12,1,0
BRDA:127,13,0,0
BRDA:127,13,1,0
BRDA:138,14,0,0
BRDA:138,14,1,0
BRDA:158,15,0,0
BRDA:158,15,1,0
BRDA:181,16,0,0
BRDA:181,16,1,0
BRDA:189,17,0,0
BRDA:189,17,1,0
BRDA:198,18,0,0
BRDA:198,18,1,0
BRDA:206,19,0,0
BRDA:206,19,1,0
BRDA:210,20,0,0
BRDA:210,20,1,0
BRDA:215,21,0,0
BRDA:215,21,1,0
BRDA:249,22,0,0
BRDA:249,22,1,6
BRDA:284,23,0,0
BRDA:284,23,1,6
BRDA:287,24,0,2
BRDA:287,24,1,4
BRDA:318,25,0,0
BRDA:318,25,1,0
BRDA:322,26,0,0
BRDA:322,26,1,0
BRDA:343,27,0,0
BRDA:343,27,1,0
BRDA:347,28,0,0
BRDA:347,28,1,0
BRDA:384,29,0,0
BRDA:384,29,1,0
BRDA:407,30,0,7
BRDA:407,30,1,0
BRDA:414,31,0,0
BRDA:414,31,1,0
BRDA:418,32,0,0
BRDA:418,32,1,0
BRDA:431,33,0,0
BRDA:431,33,1,0
BRDA:433,34,0,0
BRDA:433,34,1,0
BRDA:438,35,0,0
BRDA:438,35,1,0
BRDA:440,36,0,0
BRDA:440,36,1,0
BRDA:440,37,0,0
BRDA:440,37,1,0
BRDA:447,38,0,0
BRDA:447,38,1,0
BRDA:450,39,0,0
BRDA:450,39,1,0
BRDA:458,40,0,0
BRDA:458,40,1,0
BRDA:487,41,0,0
BRDA:487,41,1,0
BRDA:503,42,0,0
BRDA:503,42,1,0
BRDA:526,43,0,0
BRDA:526,43,1,0
BRDA:526,44,0,0
BRDA:526,44,1,0
BRDA:531,45,0,0
BRDA:531,45,1,0
BRDA:575,46,0,0
BRDA:575,46,1,0
BRDA:575,47,0,0
BRDA:575,47,1,0
BRDA:582,48,0,0
BRDA:582,48,1,0
BRDA:595,49,0,0
BRDA:595,49,1,0
BRDA:677,50,0,0
BRDA:677,50,1,0
BRDA:681,51,0,0
BRDA:681,51,1,0
BRDA:690,52,0,0
BRDA:690,52,1,0
BRF:106
BRH:6
end_of_record
TN:
SF:D:\Documents\Studium\Informatik\_BP\schulcloud-server\src\services\fileStorage\docs\index.js
FNF:0
FNH:0
DA:1,4
LF:1
LH:1
BRF:0
BRH:0
end_of_record
TN:
SF:D:\Documents\Studium\Informatik\_BP\schulcloud-server\src\services\fileStorage\hooks\index.js
FN:4,(anonymous_0)
FN:12,(anonymous_1)
FN:20,(anonymous_2)
FNF:3
FNH:3
FNDA:16,(anonymous_0)
FNDA:13,(anonymous_1)
FNDA:13,(anonymous_2)
DA:1,4
DA:2,4
DA:4,4
DA:6,16
DA:7,14
DA:8,14
DA:9,13
DA:12,4
DA:13,13
DA:15,13
DA:21,13
DA:22,13
DA:23,13
DA:24,13
DA:28,4
DA:43,4
LF:16
LH:16
BRDA:6,0,0,16
BRDA:6,0,1,3
BRDA:7,1,0,14
BRDA:7,1,1,1
BRDA:8,2,0,14
BRDA:8,2,1,0
BRF:6
BRH:5
end_of_record
TN:
SF:D:\Documents\Studium\Informatik\_BP\schulcloud-server\src\services\fileStorage\hooks\model-hooks.js
FN:7,(anonymous_0)
FN:9,(anonymous_1)
FN:10,(anonymous_2)
FN:11,(anonymous_3)
FN:14,(anonymous_4)
FNF:5
FNH:0
FNDA:0,(anonymous_0)
FNDA:0,(anonymous_1)
FNDA:0,(anonymous_2)
FNDA:0,(anonymous_3)
FNDA:0,(anonymous_4)
DA:1,4
DA:3,4
DA:4,4
DA:7,4
DA:8,0
DA:9,0
DA:10,0
DA:11,0
DA:13,0
DA:15,0
DA:16,0
DA:20,4
DA:30,4
LF:13
LH:6
BRF:0
BRH:0
end_of_record
TN:
SF:D:\Documents\Studium\Informatik\_BP\schulcloud-server\src\services\fileStorage\strategies\awsS3.js
FN:27,(anonymous_0)
FN:44,(anonymous_1)
FN:49,(anonymous_2)
FN:67,(anonymous_3)
FN:75,(anonymous_4)
FN:77,(anonymous_5)
FN:88,(anonymous_6)
FN:97,(anonymous_7)
FN:101,(anonymous_8)
FN:104,(anonymous_9)
FN:116,(anonymous_10)
FN:123,(anonymous_11)
FN:126,(anonymous_12)
FN:131,(anonymous_13)
FN:136,(anonymous_14)
FN:144,(anonymous_15)
FN:146,(anonymous_16)
FN:150,(anonymous_17)
FN:154,(anonymous_18)
FN:166,(anonymous_19)
FN:184,(anonymous_20)
FN:187,(anonymous_21)
FN:188,(anonymous_22)
FN:198,(anonymous_23)
FN:204,(anonymous_24)
FN:209,(anonymous_25)
FN:225,(anonymous_26)
FN:228,(anonymous_27)
FN:246,(anonymous_28)
FN:250,(anonymous_29)
FN:256,(anonymous_30)
FN:269,(anonymous_31)
FN:272,(anonymous_32)
FN:291,(anonymous_33)
FN:294,(anonymous_34)
FN:296,(anonymous_35)
FN:317,(anonymous_36)
FN:320,(anonymous_37)
FN:321,(anonymous_38)
FN:333,(anonymous_39)
FN:335,(anonymous_40)
FN:339,(anonymous_41)
FN:343,(anonymous_42)
FNF:43
FNH:12
FNDA:7,(anonymous_0)
FNDA:0,(anonymous_1)
FNDA:0,(anonymous_2)
FNDA:0,(anonymous_3)
FNDA:0,(anonymous_4)
FNDA:0,(anonymous_5)
FNDA:0,(anonymous_6)
FNDA:0,(anonymous_7)
FNDA:0,(anonymous_8)
FNDA:0,(anonymous_9)
FNDA:0,(anonymous_10)
FNDA:3,(anonymous_11)
FNDA:2,(anonymous_12)
FNDA:1,(anonymous_13)
FNDA:0,(anonymous_14)
FNDA:1,(anonymous_15)
FNDA:1,(anonymous_16)
FNDA:1,(anonymous_17)
FNDA:0,(anonymous_18)
FNDA:0,(anonymous_19)
FNDA:0,(anonymous_20)
FNDA:0,(anonymous_21)
FNDA:0,(anonymous_22)
FNDA:0,(anonymous_23)
FNDA:0,(anonymous_24)
FNDA:0,(anonymous_25)
FNDA:2,(anonymous_26)
FNDA:1,(anonymous_27)
FNDA:6,(anonymous_28)
FNDA:5,(anonymous_29)
FNDA:1,(anonymous_30)
FNDA:0,(anonymous_31)
FNDA:0,(anonymous_32)
FNDA:0,(anonymous_33)
FNDA:0,(anonymous_34)
FNDA:0,(anonymous_35)
FNDA:0,(anonymous_36)
FNDA:0,(anonymous_37)
FNDA:0,(anonymous_38)
FNDA:0,(anonymous_39)
FNDA:0,(anonymous_40)
FNDA:0,(anonymous_41)
FNDA:0,(anonymous_42)
DA:1,5
DA:2,5
DA:3,5
DA:4,5
DA:5,5
DA:6,5
DA:8,5
DA:9,5
DA:10,5
DA:11,5
DA:15,5
DA:16,5
DA:18,5
DA:22,0
DA:25,5
DA:27,5
DA:28,7
DA:30,3
DA:31,3
DA:33,3
DA:44,5
DA:45,0
DA:46,0
DA:47,0
DA:49,0
DA:50,0
DA:51,0
DA:53,0
DA:54,0
DA:56,0
DA:57,0
DA:58,0
DA:59,0
DA:67,0
DA:69,0
DA:75,5
DA:76,0
DA:77,0
DA:78,0
DA:79,0
DA:82,0
DA:83,0
DA:85,0
DA:88,0
DA:89,0
DA:90,0
DA:94,0
DA:95,0
DA:97,0
DA:98,0
DA:101,0
DA:103,0
DA:105,0
DA:117,0
DA:124,3
DA:125,2
DA:127,2
DA:128,1
DA:129,1
DA:130,1
DA:132,1
DA:137,0
DA:139,1
DA:146,1
DA:147,1
DA:150,1
DA:151,1
DA:152,0
DA:154,0
DA:156,0
DA:157,0
DA:160,0
DA:161,0
DA:167,0
DA:168,0
DA:170,0
DA:174,0
DA:177,1
DA:178,1
DA:185,0
DA:186,0
DA:187,0
DA:189,0
DA:190,0
DA:192,0
DA:193,0
DA:197,0
DA:199,0
DA:205,0
DA:206,0
DA:208,0
DA:210,0
DA:212,0
DA:213,0
DA:215,0
DA:221,0
DA:226,2
DA:227,1
DA:229,1
DA:230,1
DA:231,1
DA:242,1
DA:247,6
DA:249,5
DA:251,5
DA:253,5
DA:254,1
DA:258,1
DA:265,1
DA:270,0
DA:272,0
DA:273,0
DA:275,0
DA:276,0
DA:282,0
DA:283,0
DA:286,0
DA:292,0
DA:293,0
DA:295,0
DA:296,0
DA:297,0
DA:299,0
DA:300,0
DA:301,0
DA:311,0
DA:318,0
DA:319,0
DA:320,0
DA:322,0
DA:323,0
DA:324,0
DA:328,0
DA:334,0
DA:336,0
DA:338,0
DA:339,0
DA:341,0
DA:344,0
DA:345,0
DA:350,5
LF:141
LH:49
BRDA:18,0,0,0
BRDA:18,0,1,5
BRDA:28,1,0,0
BRDA:28,1,1,3
BRDA:53,2,0,0
BRDA:53,2,1,0
BRDA:56,3,0,0
BRDA:56,3,1,0
BRDA:78,4,0,0
BRDA:78,4,1,0
BRDA:83,5,0,0
BRDA:83,5,1,0
BRDA:89,6,0,0
BRDA:89,6,1,0
BRDA:124,7,0,1
BRDA:124,7,1,2
BRDA:127,8,0,1
BRDA:127,8,1,1
BRDA:137,9,0,0
BRDA:137,9,1,0
BRDA:151,10,0,0
BRDA:151,10,1,1
BRDA:151,11,0,1
BRDA:151,11,1,0
BRDA:156,12,0,0
BRDA:156,12,1,0
BRDA:167,13,0,0
BRDA:167,13,1,0
BRDA:185,14,0,0
BRDA:185,14,1,0
BRDA:185,15,0,0
BRDA:185,15,1,0
BRDA:189,16,0,0
BRDA:189,16,1,0
BRDA:190,17,0,0
BRDA:190,17,1,0
BRDA:205,18,0,0
BRDA:205,18,1,0
BRDA:205,19,0,0
BRDA:205,19,1,0
BRDA:205,19,2,0
BRDA:210,20,0,0
BRDA:210,20,1,0
BRDA:210,21,0,0
BRDA:210,21,1,0
BRDA:213,22,0,0
BRDA:213,22,1,0
BRDA:226,23,0,1
BRDA:226,23,1,1
BRDA:226,24,0,2
BRDA:226,24,1,1
BRDA:229,25,0,0
BRDA:229,25,1,1
BRDA:229,26,0,1
BRDA:229,26,1,1
BRDA:247,27,0,1
BRDA:247,27,1,5
BRDA:247,28,0,6
BRDA:247,28,1,5
BRDA:247,28,2,5
BRDA:251,29,0,0
BRDA:251,29,1,5
BRDA:251,30,0,5
BRDA:251,30,1,5
BRDA:269,31,0,0
BRDA:270,32,0,0
BRDA:270,32,1,0
BRDA:270,33,0,0
BRDA:270,33,1,0
BRDA:273,34,0,0
BRDA:273,34,1,0
BRDA:273,35,0,0
BRDA:273,35,1,0
BRDA:282,36,0,0
BRDA:282,36,1,0
BRDA:292,37,0,0
BRDA:292,37,1,0
BRDA:292,38,0,0
BRDA:292,38,1,0
BRDA:295,39,0,0
BRDA:295,39,1,0
BRDA:297,40,0,0
BRDA:297,40,1,0
BRDA:297,41,0,0
BRDA:297,41,1,0
BRDA:318,42,0,0
BRDA:318,42,1,0
BRDA:318,43,0,0
BRDA:318,43,1,0
BRDA:322,44,0,0
BRDA:322,44,1,0
BRDA:322,45,0,0
BRDA:322,45,1,0
BRDA:336,46,0,0
BRDA:336,46,1,0
BRDA:344,47,0,0
BRDA:344,47,1,0
BRF:97
BRH:23
end_of_record
TN:
SF:D:\Documents\Studium\Informatik\_BP\schulcloud-server\src\services\fileStorage\strategies\index.js
FN:10,(anonymous_0)
FNF:1
FNH:0
FNDA:0,(anonymous_0)
DA:3,4
DA:4,4
DA:6,4
DA:10,4
DA:11,0
DA:12,0
DA:13,0
DA:16,4
LF:8
LH:5
BRDA:12,0,0,0
BRDA:12,0,1,0
BRF:2
BRH:0
end_of_record
TN:
SF:D:\Documents\Studium\Informatik\_BP\schulcloud-server\src\services\fileStorage\strategies\interface.js
FN:2,(anonymous_0)
FN:8,(anonymous_1)
FN:12,(anonymous_2)
FN:16,(anonymous_3)
FN:20,(anonymous_4)
FN:24,(anonymous_5)
FN:28,(anonymous_6)
FN:32,(anonymous_7)
FNF:8
FNH:1
FNDA:7,(anonymous_0)
FNDA:0,(anonymous_1)
FNDA:0,(anonymous_2)
FNDA:0,(anonymous_3)
FNDA:0,(anonymous_4)
FNDA:0,(anonymous_5)
FNDA:0,(anonymous_6)
FNDA:0,(anonymous_7)
DA:3,7
DA:4,0
DA:9,0
DA:13,0
DA:17,0
DA:21,0
DA:25,0
DA:29,0
DA:33,0
DA:37,4
LF:10
LH:2
BRDA:3,0,0,0
BRDA:3,0,1,7
BRF:2
BRH:1
end_of_record
TN:
SF:D:\Documents\Studium\Informatik\_BP\schulcloud-server\src\services\fileStorage\utils\filePathHelper.js
FN:1,(anonymous_0)
FN:3,(anonymous_1)
FN:5,(anonymous_2)
FNF:3
FNH:1
FNDA:0,(anonymous_0)
FNDA:6,(anonymous_1)
FNDA:0,(anonymous_2)
DA:1,4
DA:3,6
DA:5,4
DA:6,0
DA:19,4
LF:5
LH:4
BRDA:1,0,0,0
BRDA:1,0,1,0
BRF:2
BRH:0
end_of_record
TN:
SF:D:\Documents\Studium\Informatik\_BP\schulcloud-server\src\services\fileStorage\utils\filePermissionHelper.js
FN:5,(anonymous_0)
FN:10,(anonymous_1)
FN:12,(anonymous_2)
FN:21,(anonymous_3)
FN:21,(anonymous_4)
FN:36,(anonymous_5)
FN:49,(anonymous_6)
FN:53,(anonymous_7)
FN:60,(anonymous_8)
FN:66,(anonymous_9)
FNF:10
FNH:3
FNDA:2,(anonymous_0)
FNDA:0,(anonymous_1)
FNDA:0,(anonymous_2)
FNDA:16,(anonymous_3)
FNDA:2,(anonymous_4)
FNDA:0,(anonymous_5)
FNDA:0,(anonymous_6)
FNDA:0,(anonymous_7)
FNDA:0,(anonymous_8)
FNDA:0,(anonymous_9)
DA:1,4
DA:2,4
DA:3,4
DA:5,4
DA:10,4
DA:11,0
DA:12,0
DA:14,0
DA:15,0
DA:18,0
DA:21,16
DA:22,2
DA:27,2
DA:30,2
DA:31,2
DA:34,0
DA:35,0
DA:36,0
DA:40,0
DA:41,0
DA:44,0
DA:47,0
DA:48,0
DA:49,0
DA:51,0
DA:52,0
DA:53,0
DA:55,0
DA:57,0
DA:60,0
DA:61,0
DA:62,0
DA:65,0
DA:66,0
DA:68,0
DA:73,4
LF:36
LH:11
BRDA:12,0,0,0
BRDA:12,0,1,0
BRDA:14,1,0,0
BRDA:14,1,1,0
BRDA:14,2,0,0
BRDA:14,2,1,0
BRDA:18,3,0,0
BRDA:18,3,1,0
BRDA:30,4,0,2
BRDA:30,4,1,0
BRDA:36,5,0,0
BRDA:36,5,1,0
BRDA:40,6,0,0
BRDA:40,6,1,0
BRDA:40,7,0,0
BRDA:40,7,1,0
BRDA:47,8,0,0
BRDA:47,8,1,0
BRDA:47,9,0,0
BRDA:47,9,1,0
BRDA:51,10,0,0
BRDA:51,10,1,0
BRDA:53,11,0,0
BRDA:53,11,1,0
BRDA:55,12,0,0
BRDA:55,12,1,0
BRDA:61,13,0,0
BRDA:61,13,1,0
BRDA:62,14,0,0
BRDA:62,14,1,0
BRDA:68,15,0,0
BRDA:68,15,1,0
BRF:32
BRH:1
end_of_record
TN:
SF:D:\Documents\Studium\Informatik\_BP\schulcloud-server\src\services\helpdesk\index.js
FN:7,(anonymous_0)
FNF:1
FNH:1
FNDA:4,(anonymous_0)
DA:3,4
DA:4,4
DA:5,4
DA:7,4
DA:8,4
DA:10,4
DA:20,4
DA:23,4
DA:26,4
DA:29,4
LF:10
LH:10
BRF:0
BRH:0
end_of_record
TN:
SF:D:\Documents\Studium\Informatik\_BP\schulcloud-server\src\services\helpdesk\model.js
FNF:0
FNH:0
DA:8,4
DA:9,4
DA:11,4
DA:12,4
DA:14,4
DA:29,4
DA:31,4
LF:7
LH:7
BRF:0
BRH:0
end_of_record
TN:
SF:D:\Documents\Studium\Informatik\_BP\schulcloud-server\src\services\helpdesk\hooks\index.js
FN:8,createInfoText
FN:18,createFeedbackText
FN:39,(anonymous_2)
FN:56,(anonymous_3)
FN:57,(anonymous_4)
FNF:5
FNH:5
FNDA:3,createInfoText
FNDA:4,createFeedbackText
FNDA:9,(anonymous_2)
FNDA:4,(anonymous_3)
FNDA:7,(anonymous_4)
DA:3,4
DA:4,4
DA:5,4
DA:6,4
DA:9,3
DA:19,4
DA:23,4
DA:24,1
DA:30,3
DA:34,3
DA:36,4
DA:39,4
DA:40,9
DA:41,3
DA:43,9
DA:46,4
DA:56,4
DA:57,4
DA:58,7
DA:59,7
DA:60,3
DA:71,4
DA:82,7
DA:86,4
LF:24
LH:24
BRDA:23,0,0,1
BRDA:23,0,1,3
BRDA:23,1,0,4
BRDA:23,1,1,1
BRDA:34,2,0,0
BRDA:34,2,1,3
BRDA:40,3,0,3
BRDA:40,3,1,6
BRDA:58,4,0,7
BRDA:58,4,1,0
BRDA:59,5,0,3
BRDA:59,5,1,4
BRDA:65,6,0,3
BRDA:65,6,1,3
BRDA:65,7,0,3
BRDA:65,7,1,3
BRDA:72,8,0,4
BRDA:72,8,1,0
BRDA:76,9,0,4
BRDA:76,9,1,4
BRDA:76,10,0,4
BRDA:76,10,1,4
BRF:22
BRH:19
end_of_record
TN:
SF:D:\Documents\Studium\Informatik\_BP\schulcloud-server\src\services\helpers\hash.js
FN:5,(anonymous_0)
FN:9,(anonymous_1)
FN:14,(anonymous_2)
FN:17,(anonymous_3)
FN:23,(anonymous_4)
FN:24,(anonymous_5)
FN:28,(anonymous_6)
FN:32,(anonymous_7)
FN:47,(anonymous_8)
FNF:9
FNH:8
FNDA:43,(anonymous_0)
FNDA:43,(anonymous_1)
FNDA:4,(anonymous_2)
FNDA:4,(anonymous_3)
FNDA:43,(anonymous_4)
FNDA:43,(anonymous_5)
FNDA:43,(anonymous_6)
FNDA:43,(anonymous_7)
FNDA:0,(anonymous_8)
DA:1,4
DA:2,4
DA:3,4
DA:5,4
DA:6,43
DA:9,4
DA:10,43
DA:11,43
DA:14,4
DA:18,4
DA:19,4
DA:24,43
DA:25,43
DA:26,0
DA:28,43
DA:29,43
DA:30,0
DA:32,43
DA:33,43
DA:34,0
DA:36,43
DA:37,43
DA:39,43
DA:40,0
DA:48,0
DA:51,43
DA:59,4
LF:27
LH:22
BRDA:18,0,0,4
BRDA:18,0,1,4
BRDA:25,1,0,0
BRDA:25,1,1,43
BRDA:29,2,0,0
BRDA:29,2,1,43
BRDA:33,3,0,0
BRDA:33,3,1,43
BRDA:36,4,0,43
BRDA:36,4,1,0
BRDA:36,5,0,43
BRDA:36,5,1,0
BRDA:39,6,0,0
BRDA:39,6,1,43
BRDA:39,7,0,43
BRDA:39,7,1,43
BRF:16
BRH:10
end_of_record
TN:
SF:D:\Documents\Studium\Informatik\_BP\schulcloud-server\src\services\helpers\index.js
FN:3,(anonymous_0)
FNF:1
FNH:1
FNDA:4,(anonymous_0)
DA:3,4
DA:4,4
DA:6,4
DA:7,4
DA:9,4
DA:10,4
LF:6
LH:6
BRF:0
BRH:0
end_of_record
TN:
SF:D:\Documents\Studium\Informatik\_BP\schulcloud-server\src\services\helpers\service.js
FN:4,(anonymous_0)
FN:13,(anonymous_1)
FN:16,(anonymous_2)
FN:21,(anonymous_3)
FN:23,(anonymous_4)
FN:40,(anonymous_5)
FNF:6
FNH:6
FNDA:6,(anonymous_0)
FNDA:8,(anonymous_1)
FNDA:5,(anonymous_2)
FNDA:6,(anonymous_3)
FNDA:6,(anonymous_4)
FNDA:4,(anonymous_5)
DA:1,5
DA:2,5
DA:4,5
DA:5,6
DA:6,0
DA:7,0
DA:10,6
DA:13,5
DA:22,6
DA:25,6
DA:26,0
DA:28,6
DA:31,6
DA:32,6
DA:41,4
DA:46,8
LF:16
LH:13
BRDA:5,0,0,0
BRDA:5,0,1,6
BRDA:5,1,0,6
BRDA:5,1,1,6
BRDA:25,2,0,0
BRDA:25,2,1,6
BRDA:26,3,0,0
BRDA:26,3,1,0
BRDA:28,4,0,6
BRDA:28,4,1,6
BRDA:33,5,0,6
BRDA:33,5,1,6
BRDA:35,6,0,0
BRDA:35,6,1,6
BRF:14
BRH:9
end_of_record
TN:
SF:D:\Documents\Studium\Informatik\_BP\schulcloud-server\src\services\homework\copy-service.js
FN:8,(anonymous_0)
FN:17,(anonymous_1)
FN:20,(anonymous_2)
FN:26,(anonymous_3)
FN:41,(anonymous_4)
FN:45,(anonymous_5)
FN:52,(anonymous_6)
FN:56,(anonymous_7)
FN:69,(anonymous_8)
FNF:9
FNH:6
FNDA:4,(anonymous_0)
FNDA:0,(anonymous_1)
FNDA:0,(anonymous_2)
FNDA:0,(anonymous_3)
FNDA:11,(anonymous_4)
FNDA:11,(anonymous_5)
FNDA:11,(anonymous_6)
FNDA:11,(anonymous_7)
FNDA:4,(anonymous_8)
DA:1,4
DA:2,4
DA:3,4
DA:4,4
DA:9,4
DA:19,0
DA:21,0
DA:22,0
DA:23,0
DA:24,0
DA:26,0
DA:27,0
DA:28,0
DA:30,0
DA:42,11
DA:44,11
DA:46,11
DA:47,11
DA:48,11
DA:49,11
DA:51,11
DA:53,11
DA:54,11
DA:56,11
DA:57,11
DA:58,0
DA:60,11
DA:69,4
DA:70,4
DA:73,4
DA:76,4
DA:79,4
DA:82,4
LF:33
LH:23
BRDA:27,0,0,0
BRDA:27,0,1,0
BRDA:42,1,0,11
BRDA:42,1,1,1
BRDA:42,1,2,0
BRDA:42,2,0,0
BRDA:42,2,1,0
BRDA:57,3,0,0
BRDA:57,3,1,11
BRF:9
BRH:3
end_of_record
TN:
SF:D:\Documents\Studium\Informatik\_BP\schulcloud-server\src\services\homework\index.js
FN:5,(anonymous_0)
FNF:1
FNH:1
FNDA:4,(anonymous_0)
DA:2,4
DA:3,4
DA:5,4
DA:6,4
DA:8,4
DA:10,4
LF:6
LH:6
BRF:0
BRH:0
end_of_record
TN:
SF:D:\Documents\Studium\Informatik\_BP\schulcloud-server\src\services\homework\model-service.js
FN:9,(anonymous_0)
FNF:1
FNH:1
FNDA:4,(anonymous_0)
DA:3,4
DA:4,4
DA:5,4
DA:6,4
DA:7,4
DA:9,4
DA:10,4
DA:13,4
DA:20,4
DA:21,4
DA:22,4
DA:25,4
DA:32,4
DA:33,4
DA:34,4
DA:37,4
DA:44,4
DA:45,4
DA:46,4
LF:19
LH:19
BRF:0
BRH:0
end_of_record
TN:
SF:D:\Documents\Studium\Informatik\_BP\schulcloud-server\src\services\homework\model.js
FNF:0
FNH:0
DA:8,4
DA:9,4
DA:11,4
DA:30,4
DA:46,4
DA:53,4
LF:6
LH:6
BRF:0
BRH:0
end_of_record
TN:
SF:D:\Documents\Studium\Informatik\_BP\schulcloud-server\src\services\homework\hooks\comments.js
FN:7,(anonymous_0)
FNF:1
FNH:0
FNDA:0,(anonymous_0)
DA:3,4
DA:4,4
DA:5,4
DA:7,4
DA:8,0
DA:10,0
DA:13,4
DA:23,4
LF:8
LH:6
BRF:0
BRH:0
end_of_record
TN:
SF:D:\Documents\Studium\Informatik\_BP\schulcloud-server\src\services\homework\hooks\copy.js
FN:9,(anonymous_0)
FN:14,(anonymous_1)
FNF:2
FNH:2
FNDA:11,(anonymous_0)
FNDA:11,(anonymous_1)
DA:3,4
DA:4,4
DA:5,4
DA:6,4
DA:7,4
DA:9,4
DA:10,11
DA:11,11
DA:13,11
DA:15,11
DA:16,11
DA:18,0
DA:23,4
DA:33,4
LF:14
LH:13
BRDA:11,0,0,11
BRDA:11,0,1,11
BRDA:15,1,0,11
BRDA:15,1,1,0
BRF:4
BRH:3
end_of_record
TN:
SF:D:\Documents\Studium\Informatik\_BP\schulcloud-server\src\services\homework\hooks\index.js
FN:9,(anonymous_0)
FN:13,(anonymous_1)
FN:17,(anonymous_2)
FN:38,isValidSubmission
FN:42,isGraded
FN:46,isTeacher
FN:57,(anonymous_6)
FN:72,(anonymous_7)
FN:76,hasPermission
FN:100,(anonymous_9)
FN:107,(anonymous_10)
FN:110,(anonymous_11)
FN:111,(anonymous_12)
FN:115,(anonymous_13)
FN:127,(anonymous_14)
FN:130,(anonymous_15)
FN:132,(anonymous_16)
FN:134,(anonymous_17)
FN:136,(anonymous_18)
FN:158,(anonymous_19)
FN:163,(anonymous_20)
FN:165,(anonymous_21)
FN:174,(anonymous_22)
FN:175,(anonymous_23)
FN:181,(anonymous_24)
FN:182,(anonymous_25)
FN:199,(anonymous_26)
FNF:27
FNH:19
FNDA:24,(anonymous_0)
FNDA:4,(anonymous_1)
FNDA:4,(anonymous_2)
FNDA:4,isValidSubmission
FNDA:4,isGraded
FNDA:53,isTeacher
FNDA:6,(anonymous_6)
FNDA:6,(anonymous_7)
FNDA:59,hasPermission
FNDA:6,(anonymous_9)
FNDA:32,(anonymous_10)
FNDA:6,(anonymous_11)
FNDA:32,(anonymous_12)
FNDA:59,(anonymous_13)
FNDA:46,(anonymous_14)
FNDA:4,(anonymous_15)
FNDA:4,(anonymous_16)
FNDA:4,(anonymous_17)
FNDA:4,(anonymous_18)
FNDA:0,(anonymous_19)
FNDA:0,(anonymous_20)
FNDA:0,(anonymous_21)
FNDA:0,(anonymous_22)
FNDA:0,(anonymous_23)
FNDA:0,(anonymous_24)
FNDA:0,(anonymous_25)
FNDA:0,(anonymous_26)
DA:3,4
DA:4,4
DA:5,4
DA:6,4
DA:7,4
DA:9,4
DA:11,24
DA:13,4
DA:15,4
DA:16,4
DA:17,4
DA:18,4
DA:19,0
DA:20,0
DA:21,4
DA:22,0
DA:23,0
DA:25,4
DA:26,4
DA:31,4
DA:33,4
DA:36,20
DA:39,4
DA:43,4
DA:47,53
DA:48,53
DA:49,53
DA:50,4
DA:51,4
DA:52,4
DA:54,53
DA:57,4
DA:59,6
DA:60,0
DA:61,0
DA:64,6
DA:65,0
DA:67,6
DA:69,6
DA:72,4
DA:77,59
DA:80,59
DA:82,59
DA:83,59
DA:86,6
DA:87,6
DA:88,6
DA:91,0
DA:92,0
DA:95,6
DA:96,6
DA:97,6
DA:100,4
DA:101,6
DA:102,6
DA:103,6
DA:104,6
DA:105,6
DA:107,32
DA:111,6
DA:112,32
DA:115,32
DA:116,59
DA:118,32
DA:119,2
DA:122,32
DA:126,24
DA:127,46
DA:128,24
DA:129,24
DA:130,24
DA:131,4
DA:132,4
DA:134,24
DA:135,4
DA:136,4
DA:137,24
DA:138,24
DA:140,24
DA:148,24
DA:150,32
DA:152,6
DA:153,6
DA:154,6
DA:158,4
DA:159,0
DA:160,0
DA:165,0
DA:166,0
DA:169,0
DA:172,0
DA:174,0
DA:175,0
DA:177,0
DA:181,0
DA:182,0
DA:184,0
DA:187,0
DA:188,0
DA:193,0
DA:194,0
DA:196,0
DA:200,0
DA:201,0
DA:205,4
DA:215,4
LF:106
LH:78
BRDA:11,0,0,4
BRDA:11,0,1,20
BRDA:18,1,0,0
BRDA:18,1,1,4
BRDA:18,2,0,4
BRDA:18,2,1,0
BRDA:18,3,0,0
BRDA:18,3,1,0
BRDA:21,4,0,0
BRDA:21,4,1,4
BRDA:21,5,0,4
BRDA:21,5,1,4
BRDA:31,6,0,4
BRDA:31,6,1,0
BRDA:39,7,0,4
BRDA:39,7,1,4
BRDA:39,7,2,0
BRDA:39,7,3,0
BRDA:43,8,0,4
BRDA:43,8,1,4
BRDA:43,8,2,0
BRDA:43,8,3,0
BRDA:49,9,0,4
BRDA:49,9,1,49
BRDA:49,10,0,53
BRDA:49,10,1,4
BRDA:52,11,0,4
BRDA:52,11,1,4
BRDA:59,12,0,0
BRDA:59,12,1,6
BRDA:59,13,0,6
BRDA:59,13,1,0
BRDA:60,14,0,0
BRDA:60,14,1,0
BRDA:64,15,0,0
BRDA:64,15,1,6
BRDA:77,16,0,59
BRDA:77,16,1,29
BRDA:77,16,2,15
BRDA:77,16,3,29
BRDA:77,16,4,15
BRDA:77,17,0,59
BRDA:77,17,1,0
BRDA:78,18,0,15
BRDA:78,18,1,0
BRDA:78,19,0,15
BRDA:78,19,1,0
BRDA:78,20,0,15
BRDA:78,20,1,0
BRDA:79,21,0,15
BRDA:79,21,1,0
BRDA:79,22,0,15
BRDA:79,22,1,0
BRDA:79,23,0,15
BRDA:79,23,1,0
BRDA:80,24,0,59
BRDA:80,24,1,52
BRDA:81,25,0,52
BRDA:81,25,1,0
BRDA:81,26,0,52
BRDA:81,26,1,0
BRDA:81,27,0,52
BRDA:81,27,1,0
BRDA:81,28,0,52
BRDA:81,28,1,0
BRDA:82,29,0,59
BRDA:82,29,1,59
BRDA:83,30,0,59
BRDA:83,30,1,29
BRDA:83,30,2,2
BRDA:86,31,0,6
BRDA:86,31,1,0
BRDA:87,32,0,6
BRDA:87,32,1,0
BRDA:91,33,0,0
BRDA:91,33,1,0
BRDA:91,34,0,0
BRDA:91,34,1,0
BRDA:95,35,0,6
BRDA:95,35,1,0
BRDA:96,36,0,6
BRDA:96,36,1,0
BRDA:101,37,0,6
BRDA:101,37,1,0
BRDA:104,38,0,6
BRDA:104,38,1,0
BRDA:116,39,0,59
BRDA:116,39,1,5
BRDA:118,40,0,2
BRDA:118,40,1,30
BRDA:118,41,0,32
BRDA:118,41,1,5
BRDA:122,42,0,24
BRDA:122,42,1,8
BRDA:122,43,0,32
BRDA:122,43,1,25
BRDA:122,43,2,2
BRDA:122,43,3,24
BRDA:123,44,0,25
BRDA:123,44,1,1
BRDA:123,45,0,25
BRDA:123,45,1,1
BRDA:126,46,0,24
BRDA:126,46,1,1
BRDA:126,47,0,24
BRDA:126,47,1,1
BRDA:131,48,0,0
BRDA:131,48,1,4
BRDA:131,49,0,0
BRDA:131,49,1,0
BRDA:131,50,0,0
BRDA:131,50,1,0
BRDA:131,51,0,4
BRDA:131,51,1,4
BRDA:131,52,0,4
BRDA:131,52,1,0
BRDA:135,53,0,0
BRDA:135,53,1,4
BRDA:135,54,0,0
BRDA:135,54,1,0
BRDA:135,55,0,0
BRDA:135,55,1,0
BRDA:135,56,0,4
BRDA:135,56,1,4
BRDA:135,57,0,4
BRDA:135,57,1,0
BRDA:141,58,0,24
BRDA:141,58,1,1
BRDA:141,59,0,24
BRDA:141,59,1,1
BRDA:143,60,0,24
BRDA:143,60,1,0
BRDA:145,61,0,24
BRDA:145,61,1,0
BRDA:152,62,0,0
BRDA:152,62,1,6
BRDA:153,63,0,6
BRDA:153,63,1,0
BRDA:165,64,0,0
BRDA:165,64,1,0
BRDA:165,64,2,0
BRDA:169,65,0,0
BRDA:169,65,1,0
BRDA:172,66,0,0
BRDA:172,66,1,0
BRDA:172,67,0,0
BRDA:172,67,1,0
BRDA:177,68,0,0
BRDA:177,68,1,0
BRDA:184,69,0,0
BRDA:184,69,1,0
BRDA:187,70,0,0
BRDA:187,70,1,0
BRDA:187,71,0,0
BRDA:187,71,1,0
BRDA:193,72,0,0
BRDA:193,72,1,0
BRF:157
BRH:86
end_of_record
TN:
SF:D:\Documents\Studium\Informatik\_BP\schulcloud-server\src\services\homework\hooks\submissions.js
FN:8,(anonymous_0)
FN:20,(anonymous_1)
FN:22,(anonymous_2)
FN:36,(anonymous_3)
FN:44,(anonymous_4)
FN:47,(anonymous_5)
FN:50,(anonymous_6)
FN:61,(anonymous_7)
FN:75,(anonymous_8)
FN:80,(anonymous_9)
FN:87,(anonymous_10)
FN:95,(anonymous_11)
FN:102,(anonymous_12)
FN:107,(anonymous_13)
FN:128,(anonymous_14)
FN:135,(anonymous_15)
FN:140,(anonymous_16)
FN:151,(anonymous_17)
FN:158,(anonymous_18)
FN:166,(anonymous_19)
FN:170,(anonymous_20)
FN:175,(anonymous_21)
FN:187,(anonymous_22)
FN:198,(anonymous_23)
FN:200,(anonymous_24)
FN:212,(anonymous_25)
FN:217,(anonymous_26)
FN:223,(anonymous_27)
FN:246,(anonymous_28)
FN:251,(anonymous_29)
FN:257,(anonymous_30)
FN:279,(anonymous_31)
FN:296,(anonymous_32)
FN:305,(anonymous_33)
FN:314,(anonymous_34)
FNF:35
FNH:3
FNDA:6,(anonymous_0)
FNDA:0,(anonymous_1)
FNDA:0,(anonymous_2)
FNDA:0,(anonymous_3)
FNDA:6,(anonymous_4)
FNDA:0,(anonymous_5)
FNDA:0,(anonymous_6)
FNDA:0,(anonymous_7)
FNDA:0,(anonymous_8)
FNDA:0,(anonymous_9)
FNDA:0,(anonymous_10)
FNDA:6,(anonymous_11)
FNDA:0,(anonymous_12)
FNDA:0,(anonymous_13)
FNDA:0,(anonymous_14)
FNDA:0,(anonymous_15)
FNDA:0,(anonymous_16)
FNDA:0,(anonymous_17)
FNDA:0,(anonymous_18)
FNDA:0,(anonymous_19)
FNDA:0,(anonymous_20)
FNDA:0,(anonymous_21)
FNDA:0,(anonymous_22)
FNDA:0,(anonymous_23)
FNDA:0,(anonymous_24)
FNDA:0,(anonymous_25)
FNDA:0,(anonymous_26)
FNDA:0,(anonymous_27)
FNDA:0,(anonymous_28)
FNDA:0,(anonymous_29)
FNDA:0,(anonymous_30)
FNDA:0,(anonymous_31)
FNDA:0,(anonymous_32)
FNDA:0,(anonymous_33)
FNDA:0,(anonymous_34)
DA:3,4
DA:4,4
DA:5,4
DA:6,4
DA:8,4
DA:10,6
DA:13,0
DA:14,0
DA:15,0
DA:21,0
DA:22,0
DA:24,0
DA:25,0
DA:31,0
DA:37,0
DA:41,6
DA:44,4
DA:45,6
DA:46,6
DA:47,0
DA:48,0
DA:49,0
DA:50,0
DA:54,0
DA:55,0
DA:56,0
DA:57,0
DA:59,0
DA:61,0
DA:62,0
DA:71,0
DA:72,0
DA:73,0
DA:74,0
DA:76,0
DA:81,0
DA:84,0
DA:88,0
DA:89,0
DA:92,6
DA:95,4
DA:96,6
DA:97,0
DA:99,6
DA:102,4
DA:103,0
DA:104,0
DA:105,0
DA:106,0
DA:108,0
DA:109,0
DA:110,0
DA:111,0
DA:112,0
DA:113,0
DA:114,0
DA:117,0
DA:118,0
DA:121,0
DA:122,0
DA:123,0
DA:126,0
DA:129,0
DA:132,0
DA:135,4
DA:136,0
DA:137,0
DA:138,0
DA:139,0
DA:141,0
DA:143,0
DA:144,0
DA:147,0
DA:149,0
DA:152,0
DA:155,0
DA:158,4
DA:160,0
DA:161,0
DA:167,0
DA:168,0
DA:171,0
DA:175,4
DA:176,0
DA:177,0
DA:179,0
DA:180,0
DA:184,0
DA:187,4
DA:188,0
DA:189,0
DA:191,0
DA:192,0
DA:198,4
DA:200,0
DA:201,0
DA:204,0
DA:205,0
DA:209,0
DA:212,4
DA:213,0
DA:215,0
DA:216,0
DA:217,0
DA:218,0
DA:222,0
DA:223,0
DA:224,0
DA:225,0
DA:226,0
DA:229,0
DA:230,0
DA:231,0
DA:234,0
DA:236,0
DA:237,0
DA:241,0
DA:246,4
DA:247,0
DA:248,0
DA:251,0
DA:252,0
DA:253,0
DA:257,4
DA:258,0
DA:259,0
DA:261,0
DA:264,0
DA:270,0
DA:271,0
DA:276,0
DA:279,4
DA:280,0
DA:283,0
DA:284,0
DA:288,0
DA:293,0
DA:296,4
DA:297,0
DA:299,0
DA:301,0
DA:305,4
DA:307,0
DA:308,0
DA:310,0
DA:314,4
DA:315,0
DA:316,0
DA:318,0
DA:323,4
DA:333,4
LF:151
LH:29
BRDA:10,0,0,0
BRDA:10,0,1,6
BRDA:13,1,0,0
BRDA:13,1,1,0
BRDA:24,2,0,0
BRDA:24,2,1,0
BRDA:24,3,0,0
BRDA:24,3,1,0
BRDA:45,4,0,6
BRDA:45,4,1,0
BRDA:46,5,0,0
BRDA:46,5,1,6
BRDA:49,6,0,0
BRDA:49,6,1,0
BRDA:54,7,0,0
BRDA:54,7,1,0
BRDA:56,8,0,0
BRDA:56,8,1,0
BRDA:62,9,0,0
BRDA:62,9,1,0
BRDA:62,10,0,0
BRDA:62,10,1,0
BRDA:62,10,2,0
BRDA:62,10,3,0
BRDA:62,10,4,0
BRDA:62,10,5,0
BRDA:62,10,6,0
BRDA:62,10,7,0
BRDA:64,11,0,0
BRDA:64,11,1,0
BRDA:72,12,0,0
BRDA:72,12,1,0
BRDA:76,13,0,0
BRDA:76,13,1,0
BRDA:76,14,0,0
BRDA:76,14,1,0
BRDA:76,15,0,0
BRDA:76,15,1,0
BRDA:78,16,0,0
BRDA:78,16,1,0
BRDA:78,17,0,0
BRDA:78,17,1,0
BRDA:88,18,0,0
BRDA:88,18,1,0
BRDA:89,19,0,0
BRDA:89,19,1,0
BRDA:96,20,0,0
BRDA:96,20,1,6
BRDA:96,21,0,6
BRDA:96,21,1,6
BRDA:103,22,0,0
BRDA:103,22,1,0
BRDA:104,23,0,0
BRDA:104,23,1,0
BRDA:112,24,0,0
BRDA:112,24,1,0
BRDA:117,25,0,0
BRDA:117,25,1,0
BRDA:117,26,0,0
BRDA:117,26,1,0
BRDA:121,27,0,0
BRDA:121,27,1,0
BRDA:121,28,0,0
BRDA:121,28,1,0
BRDA:123,29,0,0
BRDA:123,29,1,0
BRDA:136,30,0,0
BRDA:136,30,1,0
BRDA:136,31,0,0
BRDA:136,31,1,0
BRDA:137,32,0,0
BRDA:137,32,1,0
BRDA:144,33,0,0
BRDA:144,33,1,0
BRDA:144,34,0,0
BRDA:144,34,1,0
BRDA:144,34,2,0
BRDA:145,35,0,0
BRDA:145,35,1,0
BRDA:146,36,0,0
BRDA:146,36,1,0
BRDA:176,37,0,0
BRDA:176,37,1,0
BRDA:176,38,0,0
BRDA:176,38,1,0
BRDA:179,39,0,0
BRDA:179,39,1,0
BRDA:179,40,0,0
BRDA:179,40,1,0
BRDA:179,40,2,0
BRDA:188,41,0,0
BRDA:188,41,1,0
BRDA:191,42,0,0
BRDA:191,42,1,0
BRDA:201,43,0,0
BRDA:201,43,1,0
BRDA:202,44,0,0
BRDA:202,44,1,0
BRDA:204,45,0,0
BRDA:204,45,1,0
BRDA:213,46,0,0
BRDA:213,46,1,0
BRDA:213,47,0,0
BRDA:213,47,1,0
BRDA:216,48,0,0
BRDA:216,48,1,0
BRDA:226,49,0,0
BRDA:226,49,1,0
BRDA:226,50,0,0
BRDA:226,50,1,0
BRDA:227,51,0,0
BRDA:227,51,1,0
BRDA:227,52,0,0
BRDA:227,52,1,0
BRDA:229,53,0,0
BRDA:229,53,1,0
BRDA:236,54,0,0
BRDA:236,54,1,0
BRDA:238,55,0,0
BRDA:238,55,1,0
BRDA:238,56,0,0
BRDA:238,56,1,0
BRDA:247,57,0,0
BRDA:247,57,1,0
BRDA:258,58,0,0
BRDA:258,58,1,0
BRDA:258,59,0,0
BRDA:258,59,1,0
BRDA:259,60,0,0
BRDA:259,60,1,0
BRDA:261,61,0,0
BRDA:261,61,1,0
BRDA:261,62,0,0
BRDA:261,62,1,0
BRDA:261,62,2,0
BRDA:261,62,3,0
BRDA:261,63,0,0
BRDA:261,63,1,0
BRDA:262,64,0,0
BRDA:262,64,1,0
BRDA:263,65,0,0
BRDA:263,65,1,0
BRDA:270,66,0,0
BRDA:270,66,1,0
BRDA:270,67,0,0
BRDA:270,67,1,0
BRDA:280,68,0,0
BRDA:280,68,1,0
BRDA:280,69,0,0
BRDA:280,69,1,0
BRDA:280,69,2,0
BRDA:283,70,0,0
BRDA:283,70,1,0
BRDA:297,71,0,0
BRDA:297,71,1,0
BRDA:297,72,0,0
BRDA:297,72,1,0
BRDA:297,72,2,0
BRDA:307,73,0,0
BRDA:307,73,1,0
BRDA:307,74,0,0
BRDA:307,74,1,0
BRDA:315,75,0,0
BRDA:315,75,1,0
BRF:164
BRH:6
end_of_record
TN:
SF:D:\Documents\Studium\Informatik\_BP\schulcloud-server\src\services\keys\model.js
FNF:0
FNH:0
DA:8,4
DA:9,4
DA:11,4
DA:20,4
DA:22,4
LF:5
LH:5
BRF:0
BRH:0
end_of_record
TN:
SF:D:\Documents\Studium\Informatik\_BP\schulcloud-server\src\services\ldap\index.js
FN:8,(anonymous_0)
FN:20,(anonymous_1)
FN:25,(anonymous_2)
FN:29,(anonymous_3)
FN:31,(anonymous_4)
FN:33,(anonymous_5)
FN:40,(anonymous_6)
FN:41,(anonymous_7)
FN:58,(anonymous_8)
FN:67,(anonymous_9)
FN:72,(anonymous_10)
FN:88,(anonymous_11)
FN:92,(anonymous_12)
FN:100,(anonymous_13)
FN:117,(anonymous_14)
FN:118,(anonymous_15)
FN:122,(anonymous_16)
FN:141,(anonymous_17)
FN:144,(anonymous_18)
FN:161,(anonymous_19)
FN:170,(anonymous_20)
FN:171,(anonymous_21)
FN:173,(anonymous_22)
FN:178,(anonymous_23)
FN:180,(anonymous_24)
FN:185,(anonymous_25)
FN:205,(anonymous_26)
FN:207,(anonymous_27)
FN:221,(anonymous_28)
FN:232,(anonymous_29)
FN:243,(anonymous_30)
FN:253,(anonymous_31)
FN:263,(anonymous_32)
FN:279,(anonymous_33)
FN:293,(anonymous_34)
FN:306,(anonymous_35)
FN:307,(anonymous_36)
FN:308,(anonymous_37)
FN:318,(anonymous_38)
FN:320,(anonymous_39)
FN:326,(anonymous_40)
FN:327,(anonymous_41)
FN:347,(anonymous_42)
FN:350,(anonymous_43)
FN:351,(anonymous_44)
FN:353,(anonymous_45)
FN:358,(anonymous_46)
FN:369,(anonymous_47)
FN:382,(anonymous_48)
FNF:49
FNH:3
FNDA:4,(anonymous_0)
FNDA:4,(anonymous_1)
FNDA:0,(anonymous_2)
FNDA:0,(anonymous_3)
FNDA:0,(anonymous_4)
FNDA:0,(anonymous_5)
FNDA:0,(anonymous_6)
FNDA:0,(anonymous_7)
FNDA:0,(anonymous_8)
FNDA:0,(anonymous_9)
FNDA:0,(anonymous_10)
FNDA:0,(anonymous_11)
FNDA:0,(anonymous_12)
FNDA:0,(anonymous_13)
FNDA:0,(anonymous_14)
FNDA:0,(anonymous_15)
FNDA:0,(anonymous_16)
FNDA:0,(anonymous_17)
FNDA:0,(anonymous_18)
FNDA:0,(anonymous_19)
FNDA:0,(anonymous_20)
FNDA:0,(anonymous_21)
FNDA:0,(anonymous_22)
FNDA:0,(anonymous_23)
FNDA:0,(anonymous_24)
FNDA:0,(anonymous_25)
FNDA:0,(anonymous_26)
FNDA:0,(anonymous_27)
FNDA:0,(anonymous_28)
FNDA:0,(anonymous_29)
FNDA:0,(anonymous_30)
FNDA:0,(anonymous_31)
FNDA:0,(anonymous_32)
FNDA:0,(anonymous_33)
FNDA:0,(anonymous_34)
FNDA:0,(anonymous_35)
FNDA:0,(anonymous_36)
FNDA:0,(anonymous_37)
FNDA:0,(anonymous_38)
FNDA:0,(anonymous_39)
FNDA:0,(anonymous_40)
FNDA:0,(anonymous_41)
FNDA:0,(anonymous_42)
FNDA:0,(anonymous_43)
FNDA:0,(anonymous_44)
FNDA:0,(anonymous_45)
FNDA:0,(anonymous_46)
FNDA:0,(anonymous_47)
FNDA:4,(anonymous_48)
DA:1,4
DA:2,4
DA:3,4
DA:4,4
DA:6,4
DA:8,4
DA:9,4
DA:21,4
DA:22,4
DA:30,0
DA:32,0
DA:33,0
DA:34,0
DA:40,0
DA:41,0
DA:42,0
DA:59,0
DA:68,0
DA:69,0
DA:70,0
DA:72,0
DA:73,0
DA:74,0
DA:89,0
DA:90,0
DA:92,0
DA:93,0
DA:94,0
DA:96,0
DA:100,0
DA:101,0
DA:102,0
DA:104,0
DA:118,0
DA:119,0
DA:120,0
DA:122,0
DA:123,0
DA:124,0
DA:126,0
DA:142,0
DA:143,0
DA:145,0
DA:146,0
DA:148,0
DA:163,0
DA:170,0
DA:171,0
DA:172,0
DA:173,0
DA:174,0
DA:175,0
DA:177,0
DA:178,0
DA:179,0
DA:180,0
DA:181,0
DA:183,0
DA:185,0
DA:186,0
DA:187,0
DA:189,0
DA:206,0
DA:208,0
DA:209,0
DA:211,0
DA:222,0
DA:233,0
DA:244,0
DA:254,0
DA:255,0
DA:264,0
DA:280,0
DA:281,0
DA:294,0
DA:295,0
DA:307,0
DA:308,0
DA:309,0
DA:310,0
DA:312,0
DA:320,0
DA:321,0
DA:327,0
DA:328,0
DA:348,0
DA:349,0
DA:351,0
DA:352,0
DA:354,0
DA:359,0
DA:370,0
DA:371,0
DA:372,0
DA:373,0
DA:374,0
DA:383,4
DA:388,4
DA:391,4
DA:394,4
DA:397,4
LF:101
LH:14
BRDA:32,0,0,0
BRDA:32,0,1,0
BRDA:69,1,0,0
BRDA:69,1,1,0
BRDA:69,2,0,0
BRDA:69,2,1,0
BRDA:89,3,0,0
BRDA:89,3,1,0
BRDA:90,4,0,0
BRDA:90,4,1,0
BRDA:93,5,0,0
BRDA:93,5,1,0
BRDA:93,6,0,0
BRDA:93,6,1,0
BRDA:101,7,0,0
BRDA:101,7,1,0
BRDA:119,8,0,0
BRDA:119,8,1,0
BRDA:119,9,0,0
BRDA:119,9,1,0
BRDA:123,10,0,0
BRDA:123,10,1,0
BRDA:145,11,0,0
BRDA:145,11,1,0
BRDA:161,12,0,0
BRDA:161,13,0,0
BRDA:174,14,0,0
BRDA:174,14,1,0
BRDA:186,15,0,0
BRDA:186,15,1,0
BRDA:208,16,0,0
BRDA:208,16,1,0
BRDA:321,17,0,0
BRDA:321,17,1,0
BRDA:321,17,2,0
BRDA:347,18,0,0
BRDA:348,19,0,0
BRDA:348,19,1,0
BRDA:348,20,0,0
BRDA:348,20,1,0
BRDA:370,21,0,0
BRDA:370,21,1,0
BRDA:370,22,0,0
BRDA:370,22,1,0
BRDA:371,23,0,0
BRDA:371,23,1,0
BRDA:371,24,0,0
BRDA:371,24,1,0
BRDA:372,25,0,0
BRDA:372,25,1,0
BRF:50
BRH:0
end_of_record
TN:
SF:D:\Documents\Studium\Informatik\_BP\schulcloud-server\src\services\ldap\hooks\index.js
FNF:0
FNH:0
DA:3,4
DA:4,4
DA:6,4
DA:8,4
DA:18,4
LF:5
LH:5
BRF:0
BRH:0
end_of_record
TN:
SF:D:\Documents\Studium\Informatik\_BP\schulcloud-server\src\services\ldap\strategies\general.js
FN:10,(anonymous_0)
FN:20,(anonymous_1)
FN:34,(anonymous_2)
FN:60,(anonymous_3)
FN:62,(anonymous_4)
FN:123,(anonymous_5)
FN:142,(anonymous_6)
FN:143,(anonymous_7)
FNF:8
FNH:0
FNDA:0,(anonymous_0)
FNDA:0,(anonymous_1)
FNDA:0,(anonymous_2)
FNDA:0,(anonymous_3)
FNDA:0,(anonymous_4)
FNDA:0,(anonymous_5)
FNDA:0,(anonymous_6)
FNDA:0,(anonymous_7)
DA:1,4
DA:3,4
DA:11,0
DA:21,0
DA:40,0
DA:42,0
DA:56,0
DA:58,0
DA:59,0
DA:61,0
DA:62,0
DA:63,0
DA:64,0
DA:65,0
DA:66,0
DA:68,0
DA:69,0
DA:71,0
DA:72,0
DA:74,0
DA:75,0
DA:77,0
DA:78,0
DA:81,0
DA:83,0
DA:85,0
DA:87,0
DA:89,0
DA:91,0
DA:93,0
DA:95,0
DA:99,0
DA:100,0
DA:103,0
DA:113,0
DA:128,0
DA:130,0
DA:131,0
DA:140,0
DA:141,0
DA:143,0
DA:144,0
DA:155,4
LF:43
LH:3
BRDA:52,0,0,0
BRDA:52,0,1,0
BRDA:64,1,0,0
BRDA:64,1,1,0
BRDA:65,2,0,0
BRDA:65,2,1,0
BRDA:68,3,0,0
BRDA:68,3,1,0
BRDA:71,4,0,0
BRDA:71,4,1,0
BRDA:74,5,0,0
BRDA:74,5,1,0
BRDA:77,6,0,0
BRDA:77,6,1,0
BRDA:81,7,0,0
BRDA:81,7,1,0
BRDA:85,8,0,0
BRDA:85,8,1,0
BRDA:89,9,0,0
BRDA:89,9,1,0
BRDA:93,10,0,0
BRDA:93,10,1,0
BRDA:99,11,0,0
BRDA:99,11,1,0
BRDA:130,12,0,0
BRDA:130,12,1,0
BRF:26
BRH:0
end_of_record
TN:
SF:D:\Documents\Studium\Informatik\_BP\schulcloud-server\src\services\ldap\strategies\index.js
FN:21,(anonymous_0)
FNF:1
FNH:0
FNDA:0,(anonymous_0)
DA:1,4
DA:2,4
DA:3,4
DA:4,4
DA:6,4
DA:21,4
DA:22,0
DA:23,0
DA:24,0
DA:26,0
LF:10
LH:6
BRDA:22,0,0,0
BRDA:22,0,1,0
BRDA:22,1,0,0
BRDA:22,1,1,0
BRDA:22,1,2,0
BRF:5
BRH:0
end_of_record
TN:
SF:D:\Documents\Studium\Informatik\_BP\schulcloud-server\src\services\ldap\strategies\interface.js
FN:24,(anonymous_0)
FN:40,(anonymous_1)
FN:52,(anonymous_2)
FN:63,(anonymous_3)
FN:73,(anonymous_4)
FN:86,(anonymous_5)
FN:100,(anonymous_6)
FN:112,(anonymous_7)
FNF:8
FNH:0
FNDA:0,(anonymous_0)
FNDA:0,(anonymous_1)
FNDA:0,(anonymous_2)
FNDA:0,(anonymous_3)
FNDA:0,(anonymous_4)
FNDA:0,(anonymous_5)
FNDA:0,(anonymous_6)
FNDA:0,(anonymous_7)
DA:25,0
DA:26,0
DA:30,0
DA:31,0
DA:41,0
DA:53,0
DA:64,0
DA:74,0
DA:87,0
DA:101,0
DA:113,0
DA:117,4
LF:12
LH:1
BRDA:25,0,0,0
BRDA:25,0,1,0
BRF:2
BRH:0
end_of_record
TN:
SF:D:\Documents\Studium\Informatik\_BP\schulcloud-server\src\services\ldap\strategies\iserv.js
FN:10,(anonymous_0)
FN:20,(anonymous_1)
FN:34,(anonymous_2)
FN:42,(anonymous_3)
FN:44,(anonymous_4)
FN:56,(anonymous_5)
FN:85,(anonymous_6)
FN:95,(anonymous_7)
FN:112,(anonymous_8)
FN:124,(anonymous_9)
FN:136,(anonymous_10)
FN:154,(anonymous_11)
FN:186,(anonymous_12)
FN:192,(anonymous_13)
FN:205,(anonymous_14)
FN:229,(anonymous_15)
FN:243,(anonymous_16)
FN:251,(anonymous_17)
FN:256,(anonymous_18)
FN:279,(anonymous_19)
FN:299,(anonymous_20)
FN:321,(anonymous_21)
FN:327,(anonymous_22)
FNF:23
FNH:0
FNDA:0,(anonymous_0)
FNDA:0,(anonymous_1)
FNDA:0,(anonymous_2)
FNDA:0,(anonymous_3)
FNDA:0,(anonymous_4)
FNDA:0,(anonymous_5)
FNDA:0,(anonymous_6)
FNDA:0,(anonymous_7)
FNDA:0,(anonymous_8)
FNDA:0,(anonymous_9)
FNDA:0,(anonymous_10)
FNDA:0,(anonymous_11)
FNDA:0,(anonymous_12)
FNDA:0,(anonymous_13)
FNDA:0,(anonymous_14)
FNDA:0,(anonymous_15)
FNDA:0,(anonymous_16)
FNDA:0,(anonymous_17)
FNDA:0,(anonymous_18)
FNDA:0,(anonymous_19)
FNDA:0,(anonymous_20)
FNDA:0,(anonymous_21)
FNDA:0,(anonymous_22)
DA:1,4
DA:3,4
DA:11,0
DA:21,0
DA:35,0
DA:40,0
DA:41,0
DA:43,0
DA:44,0
DA:45,0
DA:46,0
DA:47,0
DA:49,0
DA:50,0
DA:52,0
DA:53,0
DA:55,0
DA:56,0
DA:57,0
DA:59,0
DA:60,0
DA:62,0
DA:65,0
DA:75,0
DA:86,0
DA:96,0
DA:101,0
DA:102,0
DA:113,0
DA:114,0
DA:125,0
DA:137,0
DA:155,0
DA:187,0
DA:192,0
DA:193,0
DA:194,0
DA:206,0
DA:207,0
DA:208,0
DA:209,0
DA:211,0
DA:219,0
DA:230,0
DA:244,0
DA:245,0
DA:246,0
DA:247,0
DA:249,0
DA:250,0
DA:251,0
DA:252,0
DA:256,0
DA:257,0
DA:261,0
[...]
FN:14,(anonymous_0)
FN:21,(anonymous_1)
FN:22,(anonymous_2)
FN:23,(anonymous_3)
FN:25,(anonymous_4)
FN:43,(anonymous_5)
FN:49,(anonymous_6)
FN:52,(anonymous_7)
FN:54,(anonymous_8)
FN:55,(anonymous_9)
FN:56,(anonymous_10)
FN:58,(anonymous_11)
FN:66,(anonymous_12)
FN:66,(anonymous_13)
FN:72,(anonymous_14)
FN:82,(anonymous_15)
FNF:16
FNH:2
FNDA:6,(anonymous_0)
FNDA:0,(anonymous_1)
FNDA:0,(anonymous_2)
FNDA:0,(anonymous_3)
FNDA:0,(anonymous_4)
FNDA:0,(anonymous_5)
FNDA:0,(anonymous_6)
FNDA:0,(anonymous_7)
FNDA:0,(anonymous_8)
FNDA:0,(anonymous_9)
FNDA:0,(anonymous_10)
FNDA:0,(anonymous_11)
FNDA:0,(anonymous_12)
FNDA:0,(anonymous_13)
FNDA:5,(anonymous_14)
FNDA:0,(anonymous_15)
DA:1,4
DA:2,4
DA:3,4
DA:4,4
DA:5,4
DA:7,4
DA:8,4
DA:14,4
DA:15,6
DA:16,6
DA:17,6
DA:18,5
DA:20,1
DA:21,0
DA:22,0
DA:25,0
DA:27,0
DA:31,0
DA:34,1
DA:43,4
DA:44,0
DA:45,0
DA:46,0
DA:47,0
DA:49,0
DA:50,0
DA:52,0
DA:53,0
DA:54,0
DA:55,0
DA:58,0
DA:61,0
DA:66,0
DA:67,0
DA:72,4
DA:73,5
DA:74,0
DA:75,0
DA:76,0
DA:79,5
DA:82,4
DA:83,0
DA:84,0
DA:86,0
DA:87,0
DA:88,0
DA:89,0
DA:92,0
DA:95,4
DA:111,4
LF:50
LH:21
BRDA:17,0,0,5
BRDA:17,0,1,1
BRDA:20,1,0,0
BRDA:20,1,1,1
BRDA:20,2,0,1
BRDA:20,2,1,0
BRDA:46,3,0,0
BRDA:46,3,1,0
BRDA:46,4,0,0
BRDA:46,4,1,0
BRDA:50,5,0,0
BRDA:50,5,1,0
BRDA:53,6,0,0
BRDA:53,6,1,0
BRDA:55,7,0,0
BRDA:55,7,1,0
BRDA:73,8,0,0
BRDA:73,8,1,5
BRDA:73,9,0,5
BRDA:73,9,1,5
BRDA:73,9,2,0
BRDA:76,10,0,0
BRDA:76,10,1,0
BRDA:83,11,0,0
BRDA:83,11,1,0
BRDA:86,12,0,0
BRDA:86,12,1,0
BRDA:89,13,0,0
BRDA:89,13,1,0
BRF:29
BRH:7
end_of_record
TN:
SF:D:\Documents\Studium\Informatik\_BP\schulcloud-server\src\services\user\hooks\admin.js
FNF:0
FNH:0
DA:2,4
DA:6,4
DA:16,4
LF:3
LH:3
BRF:0
BRH:0
end_of_record
TN:
SF:D:\Documents\Studium\Informatik\_BP\schulcloud-server\src\services\user\hooks\firstLogin.js
FNF:0
FNH:0
DA:3,4
DA:4,4
DA:5,4
DA:7,4
DA:17,4
LF:5
LH:5
BRF:0
BRH:0
end_of_record
TN:
SF:D:\Documents\Studium\Informatik\_BP\schulcloud-server\src\services\user\hooks\index.js
FN:14,(anonymous_0)
FN:24,(anonymous_1)
FN:31,(anonymous_2)
FN:62,(anonymous_3)
FN:66,(anonymous_4)
FN:72,(anonymous_5)
FN:76,(anonymous_6)
FN:88,(anonymous_7)
FN:95,(anonymous_8)
FN:101,(anonymous_9)
FN:110,(anonymous_10)
FN:112,(anonymous_11)
FN:116,(anonymous_12)
FN:116,(anonymous_13)
FN:120,(anonymous_14)
FN:128,(anonymous_15)
FN:130,(anonymous_16)
FN:134,(anonymous_17)
FN:134,(anonymous_18)
FN:138,(anonymous_19)
FN:159,(anonymous_20)
FN:160,(anonymous_21)
FN:169,(anonymous_22)
FN:175,(anonymous_23)
FN:194,(anonymous_24)
FN:209,(anonymous_25)
FN:225,(anonymous_26)
FN:232,(anonymous_27)
FN:251,(anonymous_28)
FN:297,(anonymous_29)
FN:301,(anonymous_30)
FN:302,(anonymous_31)
FN:303,(anonymous_32)
FN:322,(anonymous_33)
FN:324,(anonymous_34)
FN:328,(anonymous_35)
FN:336,(anonymous_36)
FN:339,(anonymous_37)
FN:355,(anonymous_38)
FN:378,(anonymous_39)
FN:380,(anonymous_40)
FN:381,(anonymous_41)
FN:387,(anonymous_42)
FN:393,(anonymous_43)
FN:399,(anonymous_44)
FN:405,(anonymous_45)
FNF:46
FNH:37
FNDA:145,(anonymous_0)
FNDA:50,(anonymous_1)
FNDA:50,(anonymous_2)
FNDA:49,(anonymous_3)
FNDA:49,(anonymous_4)
FNDA:7,(anonymous_5)
FNDA:7,(anonymous_6)
FNDA:0,(anonymous_7)
FNDA:0,(anonymous_8)
FNDA:11,(anonymous_9)
FNDA:11,(anonymous_10)
FNDA:0,(anonymous_11)
FNDA:11,(anonymous_12)
FNDA:0,(anonymous_13)
FNDA:11,(anonymous_14)
FNDA:11,(anonymous_15)
FNDA:0,(anonymous_16)
FNDA:11,(anonymous_17)
FNDA:0,(anonymous_18)
FNDA:58,(anonymous_19)
FNDA:4,(anonymous_20)
FNDA:51,(anonymous_21)
FNDA:51,(anonymous_22)
FNDA:16,(anonymous_23)
FNDA:0,(anonymous_24)
FNDA:0,(anonymous_25)
FNDA:7,(anonymous_26)
FNDA:7,(anonymous_27)
FNDA:4,(anonymous_28)
FNDA:108,(anonymous_29)
FNDA:108,(anonymous_30)
FNDA:108,(anonymous_31)
FNDA:108,(anonymous_32)
FNDA:71,(anonymous_33)
FNDA:71,(anonymous_34)
FNDA:71,(anonymous_35)
FNDA:215,(anonymous_36)
FNDA:37,(anonymous_37)
FNDA:223,(anonymous_38)
FNDA:144,(anonymous_39)
FNDA:37,(anonymous_40)
FNDA:37,(anonymous_41)
FNDA:144,(anonymous_42)
FNDA:49,(anonymous_43)
FNDA:0,(anonymous_44)
FNDA:11,(anonymous_45)
DA:3,4
DA:4,4
DA:5,4
DA:6,4
DA:7,4
DA:14,4
DA:15,145
DA:16,3
DA:17,3
DA:18,3
DA:21,145
DA:24,4
DA:25,50
DA:26,50
DA:27,50
DA:28,0
DA:30,50
DA:32,50
DA:33,50
DA:34,0
DA:36,50
DA:37,49
DA:40,1
DA:41,1
DA:42,1
DA:43,1
DA:45,1
DA:46,1
DA:47,0
DA:48,0
DA:55,0
DA:58,0
DA:62,4
DA:63,49
DA:64,49
DA:65,49
DA:67,49
DA:68,49
DA:72,4
DA:73,7
DA:75,7
DA:77,7
DA:78,7
DA:80,0
DA:81,0
DA:82,0
DA:83,0
DA:84,0
DA:86,0
DA:87,0
DA:89,0
DA:92,0
DA:93,0
DA:96,0
DA:97,0
DA:101,4
DA:102,11
DA:103,11
DA:104,11
DA:107,11
DA:109,11
DA:111,11
DA:113,0
DA:114,0
DA:116,11
DA:120,4
DA:121,11
DA:122,11
DA:123,11
DA:125,11
DA:127,11
DA:129,11
DA:131,0
DA:132,0
DA:134,11
DA:138,4
DA:139,58
DA:140,51
DA:141,51
DA:142,1
DA:145,57
DA:146,57
DA:147,50
DA:148,0
DA:151,57
DA:152,0
DA:153,0
DA:156,57
DA:159,4
DA:160,4
DA:161,51
DA:162,35
DA:164,16
DA:169,4
DA:170,51
DA:171,35
DA:173,16
DA:174,16
DA:176,16
DA:177,16
DA:179,16
DA:180,15
DA:183,16
DA:186,0
DA:194,4
DA:195,0
DA:197,0
DA:200,0
DA:201,0
DA:204,0
DA:205,0
DA:206,0
DA:207,0
DA:208,0
DA:209,0
DA:210,0
DA:212,0
DA:216,0
DA:219,0
DA:221,0
DA:225,4
DA:226,7
DA:233,7
DA:234,7
DA:235,7
DA:237,7
DA:238,0
DA:239,0
DA:241,7
DA:242,7
DA:244,0
DA:247,7
DA:251,4
DA:252,4
DA:297,4
DA:299,108
DA:302,108
DA:303,108
DA:304,108
DA:307,108
DA:309,108
DA:310,0
DA:312,108
DA:322,4
DA:323,71
DA:325,71
DA:326,71
DA:328,71
DA:336,4
DA:337,215
DA:338,29
DA:339,29
DA:340,37
DA:344,186
DA:347,215
DA:355,4
DA:356,223
DA:357,108
DA:359,115
DA:362,223
DA:363,223
DA:364,0
DA:367,223
DA:368,223
DA:370,223
DA:378,4
DA:379,144
DA:380,144
DA:381,37
DA:382,37
DA:383,37
DA:387,144
DA:388,144
DA:389,144
DA:393,4
DA:394,49
DA:395,49
DA:397,0
DA:400,0
DA:405,4
DA:406,11
DA:407,11
DA:410,4
DA:412,4
LF:184
LH:136
BRDA:15,0,0,3
BRDA:15,0,1,142
BRDA:27,1,0,0
BRDA:27,1,1,50
BRDA:33,2,0,0
BRDA:33,2,1,50
BRDA:33,3,0,50
BRDA:33,3,1,50
BRDA:36,4,0,49
BRDA:36,4,1,1
BRDA:40,5,0,1
BRDA:40,5,1,0
BRDA:41,6,0,1
BRDA:41,6,1,0
BRDA:42,7,0,0
BRDA:42,7,1,1
BRDA:42,8,0,1
BRDA:42,8,1,0
BRDA:42,9,0,1
BRDA:42,9,1,0
BRDA:43,10,0,1
BRDA:43,10,1,1
BRDA:45,11,0,1
BRDA:45,11,1,0
BRDA:45,12,0,1
BRDA:45,12,1,1
BRDA:45,12,2,0
BRDA:47,13,0,0
BRDA:47,13,1,0
BRDA:50,14,0,0
BRDA:50,14,1,0
BRDA:67,15,0,0
BRDA:67,15,1,49
BRDA:77,16,0,7
BRDA:77,16,1,0
BRDA:82,17,0,0
BRDA:82,17,1,0
BRDA:83,18,0,0
BRDA:83,18,1,0
BRDA:104,19,0,0
BRDA:104,19,1,11
BRDA:123,20,0,0
BRDA:123,20,1,11
BRDA:139,21,0,51
BRDA:139,21,1,7
BRDA:141,22,0,1
BRDA:141,22,1,50
BRDA:146,23,0,50
BRDA:146,23,1,7
BRDA:147,24,0,0
BRDA:147,24,1,50
BRDA:151,25,0,0
BRDA:151,25,1,57
BRDA:152,26,0,0
BRDA:152,26,1,0
BRDA:161,27,0,35
BRDA:161,27,1,16
BRDA:161,28,0,51
BRDA:161,28,1,16
BRDA:161,29,0,51
BRDA:161,29,1,0
BRDA:170,30,0,35
BRDA:170,30,1,16
BRDA:170,31,0,51
BRDA:170,31,1,35
BRDA:170,32,0,51
BRDA:170,32,1,0
BRDA:173,33,0,16
BRDA:173,33,1,15
BRDA:173,34,0,16
BRDA:173,34,1,11
BRDA:176,35,0,16
BRDA:176,35,1,0
BRDA:176,36,0,16
BRDA:176,36,1,16
BRDA:179,37,0,15
BRDA:179,37,1,1
BRDA:179,38,0,16
BRDA:179,38,1,4
BRDA:179,39,0,16
BRDA:179,39,1,1
BRDA:195,40,0,0
BRDA:195,40,1,0
BRDA:200,41,0,0
BRDA:200,41,1,0
BRDA:205,42,0,0
BRDA:205,42,1,0
BRDA:205,43,0,0
BRDA:205,43,1,0
BRDA:205,44,0,0
BRDA:205,44,1,0
BRDA:210,45,0,0
BRDA:210,45,1,0
BRDA:216,46,0,0
BRDA:216,46,1,0
BRDA:216,47,0,0
BRDA:216,47,1,0
BRDA:216,47,2,0
BRDA:216,47,3,0
BRDA:216,48,0,0
BRDA:216,48,1,0
BRDA:217,49,0,0
BRDA:217,49,1,0
BRDA:233,50,0,7
BRDA:233,50,1,0
BRDA:235,51,0,7
BRDA:235,51,1,7
BRDA:237,52,0,0
BRDA:237,52,1,7
BRDA:237,53,0,7
BRDA:237,53,1,7
BRDA:239,54,0,0
BRDA:239,54,1,0
BRDA:241,55,0,7
BRDA:241,55,1,0
BRDA:242,56,0,0
BRDA:242,56,1,7
BRDA:242,57,0,7
BRDA:242,57,1,7
BRDA:242,57,2,0
BRDA:242,57,3,0
BRDA:302,58,0,108
BRDA:302,58,1,0
BRDA:304,59,0,108
BRDA:304,59,1,0
BRDA:309,60,0,0
BRDA:309,60,1,108
BRDA:310,61,0,0
BRDA:310,61,1,0
BRDA:312,62,0,108
BRDA:312,62,1,0
BRDA:325,63,0,0
BRDA:325,63,1,71
BRDA:337,64,0,29
BRDA:337,64,1,186
BRDA:338,65,0,0
BRDA:338,65,1,29
BRDA:339,66,0,29
BRDA:339,66,1,0
BRDA:356,67,0,108
BRDA:356,67,1,115
BRDA:356,68,0,223
BRDA:356,68,1,108
BRDA:363,69,0,0
BRDA:363,69,1,223
BRDA:379,70,0,0
BRDA:379,70,1,144
BRDA:380,71,0,144
BRDA:380,71,1,63
BRDA:394,72,0,49
BRDA:394,72,1,0
BRF:151
BRH:81
end_of_record
TN:
SF:D:\Documents\Studium\Informatik\_BP\schulcloud-server\src\services\user\hooks\publicTeachers.js
FN:4,(anonymous_0)
FN:14,(anonymous_1)
FNF:2
FNH:0
FNDA:0,(anonymous_0)
FNDA:0,(anonymous_1)
DA:1,4
DA:2,4
DA:4,4
DA:5,0
DA:6,0
DA:7,0
DA:8,0
DA:11,0
DA:14,4
DA:16,0
DA:19,0
DA:22,0
DA:25,4
DA:41,4
LF:14
LH:6
BRDA:5,0,0,0
BRDA:5,0,1,0
BRF:2
BRH:0
end_of_record
TN:
SF:D:\Documents\Studium\Informatik\_BP\schulcloud-server\src\services\user\hooks\registrationPins.js
FN:9,(anonymous_0)
FN:11,(anonymous_1)
FN:16,(anonymous_2)
FN:22,createinfoText
FN:56,(anonymous_4)
FN:58,(anonymous_5)
FN:66,(anonymous_6)
FN:80,(anonymous_7)
FN:88,(anonymous_8)
FNF:9
FNH:8
FNDA:19,(anonymous_0)
FNDA:19,(anonymous_1)
FNDA:19,(anonymous_2)
FNDA:19,createinfoText
FNDA:34,(anonymous_4)
FNDA:17,(anonymous_5)
FNDA:19,(anonymous_6)
FNDA:19,(anonymous_7)
FNDA:0,(anonymous_8)
DA:3,4
DA:4,4
DA:5,4
DA:6,4
DA:7,4
DA:9,4
DA:10,19
DA:12,19
DA:16,4
DA:17,19
DA:18,19
DA:19,19
DA:24,19
DA:25,19
DA:26,19
DA:27,19
DA:28,19
DA:29,19
DA:30,19
DA:32,0
DA:33,0
DA:41,0
DA:42,0
DA:50,0
DA:51,0
DA:53,0
DA:56,4
DA:57,34
DA:58,17
DA:59,17
DA:62,17
DA:66,4
DA:67,19
DA:68,19
DA:77,19
DA:80,4
DA:81,19
DA:82,19
DA:85,0
DA:86,0
DA:87,0
DA:88,0
DA:89,0
DA:90,0
DA:94,0
DA:95,0
DA:98,4
DA:108,4
LF:48
LH:33
BRDA:26,0,0,19
BRDA:26,0,1,19
BRDA:27,1,0,19
BRDA:27,1,1,19
BRDA:28,2,0,19
BRDA:28,2,1,0
BRDA:28,3,0,19
BRDA:28,3,1,0
BRDA:32,4,0,0
BRDA:32,4,1,0
BRDA:41,5,0,0
BRDA:41,5,1,0
BRDA:41,6,0,0
BRDA:41,6,1,0
BRDA:41,6,2,0
BRDA:57,7,0,17
BRDA:57,7,1,17
BRDA:57,8,0,34
BRDA:57,8,1,33
BRDA:67,9,0,19
BRDA:67,9,1,0
BRDA:67,10,0,19
BRDA:67,10,1,0
BRDA:69,11,0,19
BRDA:69,11,1,19
BRDA:70,12,0,19
BRDA:70,12,1,0
BRDA:81,13,0,19
BRDA:81,13,1,0
BRDA:85,14,0,0
BRDA:85,14,1,0
BRDA:85,15,0,0
BRDA:85,15,1,0
BRDA:85,16,0,0
BRDA:85,16,1,0
BRDA:89,17,0,0
BRDA:89,17,1,0
BRF:37
BRH:16
end_of_record
TN:
SF:D:\Documents\Studium\Informatik\_BP\schulcloud-server\src\services\user\services\AdminStudents.js
FN:10,(anonymous_0)
FN:16,(anonymous_1)
FN:21,(anonymous_2)
FN:26,(anonymous_3)
FN:33,(anonymous_4)
FN:35,(anonymous_5)
FN:52,(anonymous_6)
FN:57,(anonymous_7)
FN:67,(anonymous_8)
FN:72,(anonymous_9)
FN:74,(anonymous_10)
FN:75,(anonymous_11)
FN:78,(anonymous_12)
FN:85,(anonymous_13)
FN:86,(anonymous_14)
FN:90,(anonymous_15)
FN:97,(anonymous_16)
FN:113,(anonymous_17)
FNF:18
FNH:17
FNDA:1,(anonymous_0)
FNDA:1,(anonymous_1)
FNDA:1,(anonymous_2)
FNDA:1,(anonymous_3)
FNDA:1,(anonymous_4)
FNDA:1,(anonymous_5)
FNDA:4,(anonymous_6)
FNDA:1,(anonymous_7)
FNDA:1,(anonymous_8)
FNDA:18,(anonymous_9)
FNDA:1,(anonymous_10)
FNDA:1,(anonymous_11)
FNDA:0,(anonymous_12)
FNDA:2,(anonymous_13)
FNDA:2,(anonymous_14)
FNDA:1,(anonymous_15)
FNDA:2,(anonymous_16)
FNDA:11,(anonymous_17)
DA:3,4
DA:4,4
DA:6,4
DA:7,4
DA:8,4
DA:10,4
DA:16,4
DA:21,4
DA:26,4
DA:33,1
DA:35,4
DA:53,4
DA:54,4
DA:59,1
DA:60,1
DA:63,1
DA:64,1
DA:67,1
DA:68,0
DA:72,18
DA:73,1
DA:74,1
DA:75,1
DA:77,1
DA:78,1
DA:79,0
DA:81,1
DA:85,1
DA:86,2
DA:90,1
DA:91,1
DA:92,1
DA:93,1
DA:94,1
DA:95,0
DA:97,1
DA:98,2
DA:99,2
DA:102,1
DA:105,0
DA:106,0
DA:107,0
DA:109,0
DA:114,11
DA:118,4
LF:45
LH:38
BRDA:53,0,0,4
BRDA:53,0,1,4
BRDA:67,1,0,0
BRDA:67,1,1,1
BRDA:94,2,0,0
BRDA:94,2,1,1
BRDA:98,3,0,2
BRDA:98,3,1,0
BRDA:106,4,0,0
BRDA:106,4,1,0
BRDA:106,5,0,0
BRDA:106,5,1,0
BRF:12
BRH:5
end_of_record
TN:
SF:D:\Documents\Studium\Informatik\_BP\schulcloud-server\src\services\user\services\index.js
FNF:0
FNH:0
DA:1,4
DA:3,4
LF:2
LH:2
BRF:0
BRH:0
end_of_record
TN:
SF:D:\Documents\Studium\Informatik\_BP\schulcloud-server\src\services\wopi\index.js
FN:25,(anonymous_0)
FN:30,(anonymous_1)
FN:42,(anonymous_2)
FN:56,(anonymous_3)
FN:57,(anonymous_4)
FN:64,(anonymous_5)
FN:66,(anonymous_6)
FN:77,(anonymous_7)
FN:80,(anonymous_8)
FN:82,(anonymous_9)
FN:94,(anonymous_10)
FN:103,(anonymous_11)
FN:107,(anonymous_12)
FN:117,(anonymous_13)
FN:131,(anonymous_14)
FN:137,(anonymous_15)
FN:146,(anonymous_16)
FN:155,(anonymous_17)
FN:158,(anonymous_18)
FN:164,(anonymous_19)
FNF:20
FNH:12
FNDA:4,(anonymous_0)
FNDA:1,(anonymous_1)
FNDA:1,(anonymous_2)
FNDA:1,(anonymous_3)
FNDA:1,(anonymous_4)
FNDA:0,(anonymous_5)
FNDA:1,(anonymous_6)
FNDA:0,(anonymous_7)
FNDA:3,(anonymous_8)
FNDA:3,(anonymous_9)
FNDA:4,(anonymous_10)
FNDA:1,(anonymous_11)
FNDA:1,(anonymous_12)
FNDA:0,(anonymous_13)
FNDA:0,(anonymous_14)
FNDA:0,(anonymous_15)
FNDA:0,(anonymous_16)
FNDA:0,(anonymous_17)
FNDA:0,(anonymous_18)
FNDA:4,(anonymous_19)
DA:5,4
DA:6,4
DA:7,4
DA:8,4
DA:12,4
DA:13,4
DA:14,4
DA:15,4
DA:16,4
DA:18,4
DA:26,4
DA:27,4
DA:31,1
DA:32,1
DA:35,1
DA:41,1
DA:43,1
DA:44,0
DA:47,1
DA:54,1
DA:56,1
DA:59,1
DA:64,1
DA:68,1
DA:74,1
DA:77,0
DA:82,3
DA:83,3
DA:86,2
DA:95,4
DA:96,4
DA:104,1
DA:107,1
DA:108,1
DA:111,1
DA:118,0
DA:132,0
DA:134,0
DA:137,0
DA:138,0
DA:139,0
DA:142,0
DA:148,0
DA:155,0
DA:156,0
DA:158,0
DA:164,4
DA:165,4
DA:168,4
DA:169,4
DA:172,4
DA:173,4
DA:176,4
DA:177,4
DA:180,4
DA:181,4
LF:56
LH:43
BRDA:43,0,0,0
BRDA:43,0,1,1
BRDA:83,1,0,1
BRDA:83,1,1,2
BRDA:108,2,0,0
BRDA:108,2,1,1
BRDA:132,3,0,0
BRDA:132,3,1,0
BRDA:138,4,0,0
BRDA:138,4,1,0
BRF:10
BRH:4
end_of_record
TN:
SF:D:\Documents\Studium\Informatik\_BP\schulcloud-server\src\services\wopi\docs\index.js
FNF:0
FNH:0
DA:1,4
LF:1
LH:1
BRF:0
BRH:0
end_of_record
TN:
SF:D:\Documents\Studium\Informatik\_BP\schulcloud-server\src\services\wopi\hooks\index.js
FN:16,(anonymous_0)
FN:32,(anonymous_1)
FN:50,(anonymous_2)
FN:60,(anonymous_3)
FN:70,(anonymous_4)
FNF:5
FNH:5
FNDA:6,(anonymous_0)
FNDA:4,(anonymous_1)
FNDA:3,(anonymous_2)
FNDA:1,(anonymous_3)
FNDA:2,(anonymous_4)
DA:3,4
DA:4,4
DA:5,4
DA:16,4
DA:17,6
DA:18,6
DA:19,6
DA:22,6
DA:24,6
DA:26,6
DA:32,4
DA:33,4
DA:34,4
DA:35,3
DA:36,3
DA:37,3
DA:50,4
DA:51,3
DA:52,3
DA:54,3
DA:56,1
DA:57,1
DA:60,1
DA:61,1
DA:62,1
DA:64,1
DA:66,1
DA:70,4
DA:71,2
DA:72,2
DA:75,4
DA:85,4
LF:32
LH:32
BRDA:17,0,0,6
BRDA:17,0,1,2
BRDA:18,1,0,6
BRDA:18,1,1,4
BRDA:18,2,0,6
BRDA:18,2,1,4
BRDA:19,3,0,0
BRDA:19,3,1,6
BRDA:22,4,0,0
BRDA:22,4,1,6
BRDA:33,5,0,4
BRDA:33,5,1,0
BRDA:34,6,0,1
BRDA:34,6,1,3
BRDA:54,7,0,2
BRDA:54,7,1,1
BRDA:61,8,0,0
BRDA:61,8,1,1
BRDA:62,9,0,1
BRDA:62,9,1,1
BRDA:64,10,0,0
BRDA:64,10,1,1
BRDA:64,11,0,1
BRDA:64,11,1,0
BRDA:71,12,0,2
BRDA:71,12,1,0
BRF:26
BRH:19
end_of_record
TN:
SF:D:\Documents\Studium\Informatik\_BP\schulcloud-server\src\services\wopi\utils\filePostActionHelper.js
FN:10,(anonymous_0)
FN:23,(anonymous_1)
FN:25,(anonymous_2)
FN:31,(anonymous_3)
FN:32,(anonymous_4)
FN:38,(anonymous_5)
FN:43,(anonymous_6)
FN:54,(anonymous_7)
FN:59,(anonymous_8)
FN:75,(anonymous_9)
FNF:10
FNH:5
FNDA:0,(anonymous_0)
FNDA:1,(anonymous_1)
FNDA:1,(anonymous_2)
FNDA:1,(anonymous_3)
FNDA:1,(anonymous_4)
FNDA:0,(anonymous_5)
FNDA:0,(anonymous_6)
FNDA:0,(anonymous_7)
FNDA:0,(anonymous_8)
FNDA:2,(anonymous_9)
DA:1,4
DA:2,4
DA:10,4
DA:11,0
DA:12,0
DA:23,4
DA:24,1
DA:25,1
DA:26,1
DA:31,4
DA:32,1
DA:33,1
DA:38,4
DA:39,0
DA:43,4
DA:44,0
DA:45,0
DA:54,4
DA:55,0
DA:59,4
DA:60,0
DA:64,4
DA:75,4
DA:76,2
LF:24
LH:17
BRF:0
BRH:0
end_of_record
TN:
SF:D:\Documents\Studium\Informatik\_BP\schulcloud-server\src\services\wopi\utils\hostCapabilitiesHelper.js
FN:28,(anonymous_0)
FN:30,(anonymous_1)
FNF:2
FNH:2
FNDA:1,(anonymous_0)
FNDA:13,(anonymous_1)
DA:10,4
DA:26,4
DA:28,4
DA:29,1
DA:30,13
DA:31,1
DA:34,4
LF:7
LH:7
BRF:0
BRH:0
end_of_record
TN:
SF:D:\Documents\Studium\Informatik\_BP\schulcloud-server\src\sockets\index.js
FN:6,(anonymous_0)
FN:13,(anonymous_1)
FN:14,(anonymous_2)
FN:16,(anonymous_3)
FN:20,(anonymous_4)
FNF:5
FNH:2
FNDA:4,(anonymous_0)
FNDA:11,(anonymous_1)
FNDA:0,(anonymous_2)
FNDA:0,(anonymous_3)
FNDA:0,(anonymous_4)
DA:3,4
DA:4,4
DA:6,4
DA:7,4
DA:11,4
DA:13,4
DA:14,11
DA:15,0
DA:17,0
DA:18,0
DA:21,0
LF:11
LH:7
BRF:0
BRH:0
end_of_record
TN:
SF:D:\Documents\Studium\Informatik\_BP\schulcloud-server\src\sockets\clipboard\actions.js
FN:1,(anonymous_0)
FN:3,(anonymous_1)
FN:10,(anonymous_2)
FN:20,(anonymous_3)
FN:22,(anonymous_4)
FN:24,(anonymous_5)
FN:27,(anonymous_6)
FN:34,(anonymous_7)
FN:42,(anonymous_8)
FN:44,(anonymous_9)
FN:51,(anonymous_10)
FN:69,(anonymous_11)
FNF:12
FNH:0
FNDA:0,(anonymous_0)
FNDA:0,(anonymous_1)
FNDA:0,(anonymous_2)
FNDA:0,(anonymous_3)
FNDA:0,(anonymous_4)
FNDA:0,(anonymous_5)
FNDA:0,(anonymous_6)
FNDA:0,(anonymous_7)
FNDA:0,(anonymous_8)
FNDA:0,(anonymous_9)
FNDA:0,(anonymous_10)
FNDA:0,(anonymous_11)
DA:1,4
DA:3,0
DA:4,0
DA:5,0
DA:6,0
DA:7,0
DA:10,0
DA:11,0
DA:12,0
DA:13,0
DA:14,0
DA:15,0
DA:16,0
DA:17,0
DA:20,0
DA:21,0
DA:22,0
DA:23,0
DA:24,0
DA:25,0
DA:26,0
DA:27,0
DA:31,0
DA:34,0
DA:35,0
DA:36,0
DA:37,0
DA:38,0
DA:39,0
DA:40,0
DA:41,0
DA:42,0
DA:45,0
DA:46,0
DA:48,0
DA:51,0
DA:52,0
DA:53,0
DA:54,0
DA:55,0
DA:56,0
DA:57,0
DA:58,0
DA:62,0
DA:63,0
DA:65,0
DA:66,0
DA:69,0
DA:70,0
DA:71,0
DA:79,0
LF:51
LH:1
BRDA:14,0,0,0
BRDA:14,0,1,0
BRDA:15,1,0,0
BRDA:15,1,1,0
BRDA:23,2,0,0
BRDA:23,2,1,0
BRDA:26,3,0,0
BRDA:26,3,1,0
BRDA:37,4,0,0
BRDA:37,4,1,0
BRDA:43,5,0,0
BRDA:43,5,1,0
BRDA:54,6,0,0
BRDA:54,6,1,0
BRDA:56,7,0,0
BRDA:56,7,1,0
BRDA:62,8,0,0
BRDA:62,8,1,0
BRF:18
BRH:0
end_of_record
TN:
SF:D:\Documents\Studium\Informatik\_BP\schulcloud-server\src\sockets\clipboard\clipboard-model.js
FNF:0
FNH:0
DA:8,4
DA:10,4
DA:12,4
DA:27,4
DA:28,4
LF:5
LH:5
BRF:0
BRH:0
end_of_record
TN:
SF:D:\Documents\Studium\Informatik\_BP\schulcloud-server\src\sockets\clipboard\index.js
FN:10,(anonymous_0)
FN:14,(anonymous_1)
FN:18,(anonymous_2)
FN:19,(anonymous_3)
FN:22,(anonymous_4)
FN:29,(anonymous_5)
FN:29,(anonymous_6)
FN:46,(anonymous_7)
FN:47,(anonymous_8)
FN:61,(anonymous_9)
FN:70,(anonymous_10)
FN:70,(anonymous_11)
FN:70,(anonymous_12)
FN:77,(anonymous_13)
FN:88,(anonymous_14)
FN:88,(anonymous_15)
FN:89,(anonymous_16)
FN:100,(anonymous_17)
FN:100,(anonymous_18)
FN:117,(anonymous_19)
FN:117,(anonymous_20)
FN:125,(anonymous_21)
FNF:22
FNH:2
FNDA:4,(anonymous_0)
FNDA:11,(anonymous_1)
FNDA:0,(anonymous_2)
FNDA:0,(anonymous_3)
FNDA:0,(anonymous_4)
FNDA:0,(anonymous_5)
FNDA:0,(anonymous_6)
FNDA:0,(anonymous_7)
FNDA:0,(anonymous_8)
FNDA:0,(anonymous_9)
FNDA:0,(anonymous_10)
FNDA:0,(anonymous_11)
FNDA:0,(anonymous_12)
FNDA:0,(anonymous_13)
FNDA:0,(anonymous_14)
FNDA:0,(anonymous_15)
FNDA:0,(anonymous_16)
FNDA:0,(anonymous_17)
FNDA:0,(anonymous_18)
FNDA:0,(anonymous_19)
FNDA:0,(anonymous_20)
FNDA:0,(anonymous_21)
DA:3,4
DA:4,4
DA:5,4
DA:6,4
DA:7,4
DA:8,4
DA:10,4
DA:11,4
DA:13,4
DA:14,4
DA:16,11
DA:18,11
DA:19,0
DA:20,0
DA:21,0
DA:22,0
DA:23,0
DA:24,0
DA:29,11
DA:30,0
DA:31,0
DA:47,0
DA:48,0
DA:49,0
DA:51,0
DA:53,0
DA:62,0
DA:66,0
DA:70,11
DA:71,0
DA:74,0
DA:78,0
DA:79,0
DA:80,0
DA:81,0
DA:82,0
DA:83,0
DA:84,0
DA:88,11
DA:89,0
DA:90,0
DA:95,0
DA:96,0
DA:100,11
DA:101,0
DA:102,0
DA:103,0
DA:104,0
DA:112,0
DA:113,0
DA:114,0
DA:117,11
DA:118,0
DA:124,11
DA:125,11
DA:126,0
DA:128,0
LF:57
LH:19
BRDA:23,0,0,0
BRDA:23,0,1,0
BRDA:31,1,0,0
BRDA:31,1,1,0
BRDA:62,2,0,0
BRDA:62,2,1,0
BRDA:78,3,0,0
BRDA:78,3,1,0
BRDA:79,4,0,0
BRDA:79,4,1,0
BRDA:80,5,0,0
BRDA:80,5,1,0
BRDA:80,6,0,0
BRDA:80,6,1,0
BRDA:81,7,0,0
BRDA:81,7,1,0
BRDA:81,8,0,0
BRDA:81,8,1,0
BRDA:82,9,0,0
BRDA:82,9,1,0
BRDA:92,10,0,0
BRDA:92,10,1,0
BRDA:103,11,0,0
BRDA:103,11,1,0
BRF:24
BRH:0
end_of_record
TN:
SF:D:\Documents\Studium\Informatik\_BP\schulcloud-server\src\sockets\clipboard\upload.js
FN:7,(anonymous_0)
FN:8,(anonymous_1)
FN:25,initUploadSocket
FN:29,(anonymous_3)
FN:33,(anonymous_4)
FN:37,(anonymous_5)
FNF:6
FNH:0
FNDA:0,(anonymous_0)
FNDA:0,(anonymous_1)
FNDA:0,initUploadSocket
FNDA:0,(anonymous_3)
FNDA:0,(anonymous_4)
FNDA:0,(anonymous_5)
DA:1,4
DA:2,4
DA:3,4
DA:4,4
DA:5,4
DA:7,4
DA:8,0
DA:9,0
DA:10,0
DA:18,0
DA:19,0
DA:20,0
DA:21,0
DA:22,0
DA:26,0
DA:27,0
DA:28,0
DA:29,0
DA:30,0
DA:33,0
DA:34,0
DA:37,0
DA:38,0
DA:41,0
LF:24
LH:6
BRDA:13,0,0,0
BRDA:13,0,1,0
BRDA:18,1,0,0
BRDA:18,1,1,0
BRDA:18,2,0,0
BRDA:18,2,1,0
BRDA:20,3,0,0
BRDA:20,3,1,0
BRF:8
BRH:0
end_of_record
